{"C:\\Users\\FernandesPC\\Desktop\\Personal-GitHub\\BootCamp GoStack\\GoStack\\nivel 5\\Aulas\\03\\Project\\Mobile\\src\\components\\Button\\index.tsx": {"path":"C:\\Users\\FernandesPC\\Desktop\\Personal-GitHub\\BootCamp GoStack\\GoStack\\nivel 5\\Aulas\\03\\Project\\Mobile\\src\\components\\Button\\index.tsx","statementMap":{"0":{"start":{"line":9,"column":38},"end":{"line":13,"column":1}},"1":{"start":{"line":10,"column":2},"end":{"line":12,"column":14}}},"fnMap":{"0":{"name":"(anonymous_0)","decl":{"start":{"line":9,"column":38},"end":{"line":9,"column":39}},"loc":{"start":{"line":10,"column":2},"end":{"line":12,"column":14}},"line":10}},"branchMap":{},"s":{"0":1,"1":1},"f":{"0":1},"b":{},"_coverageSchema":"1a1c01bbd47fc00a2c39e90264f33305004495a9","hash":"24b7b12da49fb2491ae5f5105c14a591241a5d4d"}
,"C:\\Users\\FernandesPC\\Desktop\\Personal-GitHub\\BootCamp GoStack\\GoStack\\nivel 5\\Aulas\\03\\Project\\Mobile\\src\\components\\Input\\index.tsx": {"path":"C:\\Users\\FernandesPC\\Desktop\\Personal-GitHub\\BootCamp GoStack\\GoStack\\nivel 5\\Aulas\\03\\Project\\Mobile\\src\\components\\Input\\index.tsx","statementMap":{"0":{"start":{"line":34,"column":68},"end":{"line":96,"column":1}},"1":{"start":{"line":38,"column":65},"end":{"line":38,"column":79}},"2":{"start":{"line":39,"column":26},"end":{"line":39,"column":43}},"3":{"start":{"line":40,"column":24},"end":{"line":40,"column":76}},"4":{"start":{"line":42,"column":36},"end":{"line":42,"column":51}},"5":{"start":{"line":43,"column":34},"end":{"line":43,"column":49}},"6":{"start":{"line":45,"column":2},"end":{"line":49,"column":6}},"7":{"start":{"line":45,"column":34},"end":{"line":49,"column":3}},"8":{"start":{"line":47,"column":6},"end":{"line":47,"column":38}},"9":{"start":{"line":51,"column":28},"end":{"line":53,"column":8}},"10":{"start":{"line":52,"column":4},"end":{"line":52,"column":23}},"11":{"start":{"line":55,"column":26},"end":{"line":58,"column":8}},"12":{"start":{"line":56,"column":4},"end":{"line":56,"column":24}},"13":{"start":{"line":57,"column":4},"end":{"line":57,"column":48}},"14":{"start":{"line":60,"column":2},"end":{"line":74,"column":33}},"15":{"start":{"line":61,"column":4},"end":{"line":73,"column":7}},"16":{"start":{"line":66,"column":8},"end":{"line":66,"column":44}},"17":{"start":{"line":67,"column":8},"end":{"line":67,"column":64}},"18":{"start":{"line":70,"column":8},"end":{"line":70,"column":41}},"19":{"start":{"line":71,"column":8},"end":{"line":71,"column":40}},"20":{"start":{"line":76,"column":2},"end":{"line":95,"column":4}},"21":{"start":{"line":88,"column":10},"end":{"line":88,"column":46}}},"fnMap":{"0":{"name":"(anonymous_0)","decl":{"start":{"line":34,"column":68},"end":{"line":34,"column":69}},"loc":{"start":{"line":37,"column":5},"end":{"line":96,"column":1}},"line":37},"1":{"name":"(anonymous_1)","decl":{"start":{"line":45,"column":27},"end":{"line":45,"column":28}},"loc":{"start":{"line":45,"column":34},"end":{"line":49,"column":3}},"line":45},"2":{"name":"(anonymous_2)","decl":{"start":{"line":46,"column":4},"end":{"line":46,"column":5}},"loc":{"start":{"line":46,"column":12},"end":{"line":48,"column":5}},"line":46},"3":{"name":"(anonymous_3)","decl":{"start":{"line":51,"column":40},"end":{"line":51,"column":41}},"loc":{"start":{"line":51,"column":46},"end":{"line":53,"column":3}},"line":51},"4":{"name":"(anonymous_4)","decl":{"start":{"line":55,"column":38},"end":{"line":55,"column":39}},"loc":{"start":{"line":55,"column":44},"end":{"line":58,"column":3}},"line":55},"5":{"name":"(anonymous_5)","decl":{"start":{"line":60,"column":12},"end":{"line":60,"column":13}},"loc":{"start":{"line":60,"column":18},"end":{"line":74,"column":3}},"line":60},"6":{"name":"(anonymous_6)","decl":{"start":{"line":65,"column":6},"end":{"line":65,"column":7}},"loc":{"start":{"line":65,"column":22},"end":{"line":68,"column":7}},"line":65},"7":{"name":"(anonymous_7)","decl":{"start":{"line":69,"column":6},"end":{"line":69,"column":7}},"loc":{"start":{"line":69,"column":19},"end":{"line":72,"column":7}},"line":69},"8":{"name":"(anonymous_8)","decl":{"start":{"line":87,"column":22},"end":{"line":87,"column":23}},"loc":{"start":{"line":87,"column":31},"end":{"line":89,"column":9}},"line":87}},"branchMap":{"0":{"loc":{"start":{"line":35,"column":16},"end":{"line":35,"column":35}},"type":"default-arg","locations":[{"start":{"line":35,"column":33},"end":{"line":35,"column":35}}],"line":35},"1":{"loc":{"start":{"line":38,"column":25},"end":{"line":38,"column":42}},"type":"default-arg","locations":[{"start":{"line":38,"column":40},"end":{"line":38,"column":42}}],"line":38},"2":{"loc":{"start":{"line":81,"column":15},"end":{"line":81,"column":60}},"type":"cond-expr","locations":[{"start":{"line":81,"column":39},"end":{"line":81,"column":48}},{"start":{"line":81,"column":51},"end":{"line":81,"column":60}}],"line":81},"3":{"loc":{"start":{"line":81,"column":15},"end":{"line":81,"column":36}},"type":"binary-expr","locations":[{"start":{"line":81,"column":15},"end":{"line":81,"column":24}},{"start":{"line":81,"column":28},"end":{"line":81,"column":36}}],"line":81}},"s":{"0":1,"1":2,"2":2,"3":2,"4":2,"5":2,"6":2,"7":1,"8":0,"9":2,"10":0,"11":2,"12":0,"13":0,"14":2,"15":2,"16":0,"17":0,"18":0,"19":0,"20":2,"21":0},"f":{"0":2,"1":1,"2":0,"3":0,"4":0,"5":2,"6":0,"7":0,"8":0},"b":{"0":[2],"1":[2],"2":[0,2],"3":[2,2]},"_coverageSchema":"1a1c01bbd47fc00a2c39e90264f33305004495a9","hash":"258b5ee0d35b73f1d144a169a41724d1f0cb4054"}
,"C:\\Users\\FernandesPC\\Desktop\\Personal-GitHub\\BootCamp GoStack\\GoStack\\nivel 5\\Aulas\\03\\Project\\Mobile\\src\\hooks\\auth.tsx": {"path":"C:\\Users\\FernandesPC\\Desktop\\Personal-GitHub\\BootCamp GoStack\\GoStack\\nivel 5\\Aulas\\03\\Project\\Mobile\\src\\hooks\\auth.tsx","statementMap":{"0":{"start":{"line":37,"column":20},"end":{"line":37,"column":73}},"1":{"start":{"line":39,"column":38},"end":{"line":96,"column":1}},"2":{"start":{"line":40,"column":26},"end":{"line":40,"column":62}},"3":{"start":{"line":41,"column":32},"end":{"line":41,"column":46}},"4":{"start":{"line":43,"column":2},"end":{"line":57,"column":9}},"5":{"start":{"line":45,"column":28},"end":{"line":48,"column":8}},"6":{"start":{"line":50,"column":6},"end":{"line":53,"column":7}},"7":{"start":{"line":51,"column":8},"end":{"line":51,"column":66}},"8":{"start":{"line":52,"column":8},"end":{"line":52,"column":64}},"9":{"start":{"line":54,"column":6},"end":{"line":54,"column":24}},"10":{"start":{"line":56,"column":4},"end":{"line":56,"column":23}},"11":{"start":{"line":59,"column":17},"end":{"line":71,"column":8}},"12":{"start":{"line":60,"column":21},"end":{"line":63,"column":6}},"13":{"start":{"line":64,"column":28},"end":{"line":64,"column":41}},"14":{"start":{"line":65,"column":4},"end":{"line":68,"column":7}},"15":{"start":{"line":69,"column":4},"end":{"line":69,"column":59}},"16":{"start":{"line":70,"column":4},"end":{"line":70,"column":29}},"17":{"start":{"line":73,"column":18},"end":{"line":76,"column":8}},"18":{"start":{"line":74,"column":4},"end":{"line":74,"column":72}},"19":{"start":{"line":75,"column":4},"end":{"line":75,"column":29}},"20":{"start":{"line":78,"column":21},"end":{"line":87,"column":3}},"21":{"start":{"line":80,"column":6},"end":{"line":80,"column":72}},"22":{"start":{"line":81,"column":6},"end":{"line":84,"column":9}},"23":{"start":{"line":89,"column":2},"end":{"line":95,"column":4}},"24":{"start":{"line":99,"column":18},"end":{"line":99,"column":41}},"25":{"start":{"line":101,"column":2},"end":{"line":103,"column":3}},"26":{"start":{"line":102,"column":4},"end":{"line":102,"column":66}},"27":{"start":{"line":104,"column":2},"end":{"line":104,"column":17}}},"fnMap":{"0":{"name":"(anonymous_0)","decl":{"start":{"line":39,"column":38},"end":{"line":39,"column":39}},"loc":{"start":{"line":39,"column":56},"end":{"line":96,"column":1}},"line":39},"1":{"name":"(anonymous_1)","decl":{"start":{"line":43,"column":12},"end":{"line":43,"column":13}},"loc":{"start":{"line":43,"column":18},"end":{"line":57,"column":3}},"line":43},"2":{"name":"loadStoragedData","decl":{"start":{"line":44,"column":19},"end":{"line":44,"column":35}},"loc":{"start":{"line":44,"column":53},"end":{"line":55,"column":5}},"line":44},"3":{"name":"(anonymous_3)","decl":{"start":{"line":59,"column":29},"end":{"line":59,"column":30}},"loc":{"start":{"line":59,"column":60},"end":{"line":71,"column":3}},"line":59},"4":{"name":"(anonymous_4)","decl":{"start":{"line":73,"column":30},"end":{"line":73,"column":31}},"loc":{"start":{"line":73,"column":42},"end":{"line":76,"column":3}},"line":73},"5":{"name":"(anonymous_5)","decl":{"start":{"line":79,"column":4},"end":{"line":79,"column":5}},"loc":{"start":{"line":79,"column":26},"end":{"line":85,"column":5}},"line":79},"6":{"name":"useAuth","decl":{"start":{"line":98,"column":16},"end":{"line":98,"column":23}},"loc":{"start":{"line":98,"column":43},"end":{"line":105,"column":1}},"line":98}},"branchMap":{"0":{"loc":{"start":{"line":50,"column":6},"end":{"line":53,"column":7}},"type":"if","locations":[{"start":{"line":50,"column":6},"end":{"line":53,"column":7}},{"start":{"line":50,"column":6},"end":{"line":53,"column":7}}],"line":50},"1":{"loc":{"start":{"line":50,"column":10},"end":{"line":50,"column":29}},"type":"binary-expr","locations":[{"start":{"line":50,"column":10},"end":{"line":50,"column":18}},{"start":{"line":50,"column":22},"end":{"line":50,"column":29}}],"line":50},"2":{"loc":{"start":{"line":101,"column":2},"end":{"line":103,"column":3}},"type":"if","locations":[{"start":{"line":101,"column":2},"end":{"line":103,"column":3}},{"start":{"line":101,"column":2},"end":{"line":103,"column":3}}],"line":101}},"s":{"0":1,"1":1,"2":0,"3":0,"4":0,"5":0,"6":0,"7":0,"8":0,"9":0,"10":0,"11":0,"12":0,"13":0,"14":0,"15":0,"16":0,"17":0,"18":0,"19":0,"20":0,"21":0,"22":0,"23":0,"24":1,"25":1,"26":0,"27":1},"f":{"0":0,"1":0,"2":0,"3":0,"4":0,"5":0,"6":1},"b":{"0":[0,0],"1":[0,0],"2":[0,1]},"_coverageSchema":"1a1c01bbd47fc00a2c39e90264f33305004495a9","hash":"7f24e83c667ec68cc6747f17a7f25a972058f77c"}
,"C:\\Users\\FernandesPC\\Desktop\\Personal-GitHub\\BootCamp GoStack\\GoStack\\nivel 5\\Aulas\\03\\Project\\Mobile\\src\\pages\\AppointmentCreated\\index.tsx": {"path":"C:\\Users\\FernandesPC\\Desktop\\Personal-GitHub\\BootCamp GoStack\\GoStack\\nivel 5\\Aulas\\03\\Project\\Mobile\\src\\pages\\AppointmentCreated\\index.tsx","statementMap":{"0":{"start":{"line":18,"column":37},"end":{"line":50,"column":1}},"1":{"start":{"line":19,"column":20},"end":{"line":19,"column":35}},"2":{"start":{"line":20,"column":21},"end":{"line":20,"column":31}},"3":{"start":{"line":22,"column":22},"end":{"line":22,"column":43}},"4":{"start":{"line":24,"column":24},"end":{"line":30,"column":24}},"5":{"start":{"line":25,"column":4},"end":{"line":29,"column":6}},"6":{"start":{"line":32,"column":26},"end":{"line":37,"column":13}},"7":{"start":{"line":33,"column":4},"end":{"line":36,"column":7}},"8":{"start":{"line":39,"column":2},"end":{"line":49,"column":4}}},"fnMap":{"0":{"name":"(anonymous_0)","decl":{"start":{"line":18,"column":37},"end":{"line":18,"column":38}},"loc":{"start":{"line":18,"column":43},"end":{"line":50,"column":1}},"line":18},"1":{"name":"(anonymous_1)","decl":{"start":{"line":24,"column":32},"end":{"line":24,"column":33}},"loc":{"start":{"line":24,"column":38},"end":{"line":30,"column":3}},"line":24},"2":{"name":"(anonymous_2)","decl":{"start":{"line":32,"column":38},"end":{"line":32,"column":39}},"loc":{"start":{"line":32,"column":44},"end":{"line":37,"column":3}},"line":32}},"branchMap":{},"s":{"0":0,"1":0,"2":0,"3":0,"4":0,"5":0,"6":0,"7":0,"8":0},"f":{"0":0,"1":0,"2":0},"b":{}}
,"C:\\Users\\FernandesPC\\Desktop\\Personal-GitHub\\BootCamp GoStack\\GoStack\\nivel 5\\Aulas\\03\\Project\\Mobile\\src\\pages\\CreateAppointment\\index.tsx": {"path":"C:\\Users\\FernandesPC\\Desktop\\Personal-GitHub\\BootCamp GoStack\\GoStack\\nivel 5\\Aulas\\03\\Project\\Mobile\\src\\pages\\CreateAppointment\\index.tsx","statementMap":{"0":{"start":{"line":50,"column":26},"end":{"line":268,"column":1}},"1":{"start":{"line":51,"column":19},"end":{"line":51,"column":28}},"2":{"start":{"line":52,"column":31},"end":{"line":52,"column":46}},"3":{"start":{"line":54,"column":16},"end":{"line":54,"column":26}},"4":{"start":{"line":55,"column":22},"end":{"line":55,"column":49}},"5":{"start":{"line":57,"column":40},"end":{"line":57,"column":72}},"6":{"start":{"line":58,"column":36},"end":{"line":58,"column":60}},"7":{"start":{"line":59,"column":46},"end":{"line":59,"column":61}},"8":{"start":{"line":60,"column":42},"end":{"line":60,"column":62}},"9":{"start":{"line":61,"column":42},"end":{"line":61,"column":53}},"10":{"start":{"line":62,"column":50},"end":{"line":64,"column":3}},"11":{"start":{"line":66,"column":30},"end":{"line":76,"column":18}},"12":{"start":{"line":67,"column":4},"end":{"line":75,"column":9}},"13":{"start":{"line":68,"column":28},"end":{"line":68,"column":37}},"14":{"start":{"line":70,"column":8},"end":{"line":74,"column":10}},"15":{"start":{"line":78,"column":32},"end":{"line":88,"column":18}},"16":{"start":{"line":79,"column":4},"end":{"line":87,"column":9}},"17":{"start":{"line":80,"column":28},"end":{"line":80,"column":38}},"18":{"start":{"line":82,"column":8},"end":{"line":86,"column":10}},"19":{"start":{"line":90,"column":2},"end":{"line":94,"column":9}},"20":{"start":{"line":91,"column":4},"end":{"line":93,"column":7}},"21":{"start":{"line":92,"column":6},"end":{"line":92,"column":34}},"22":{"start":{"line":96,"column":2},"end":{"line":108,"column":39}},"23":{"start":{"line":97,"column":4},"end":{"line":107,"column":9}},"24":{"start":{"line":106,"column":8},"end":{"line":106,"column":39}},"25":{"start":{"line":110,"column":23},"end":{"line":112,"column":14}},"26":{"start":{"line":111,"column":4},"end":{"line":111,"column":13}},"27":{"start":{"line":114,"column":31},"end":{"line":116,"column":8}},"28":{"start":{"line":115,"column":4},"end":{"line":115,"column":36}},"29":{"start":{"line":118,"column":33},"end":{"line":120,"column":8}},"30":{"start":{"line":119,"column":4},"end":{"line":119,"column":39}},"31":{"start":{"line":119,"column":31},"end":{"line":119,"column":37}},"32":{"start":{"line":122,"column":27},"end":{"line":134,"column":3}},"33":{"start":{"line":124,"column":6},"end":{"line":126,"column":7}},"34":{"start":{"line":125,"column":8},"end":{"line":125,"column":33}},"35":{"start":{"line":128,"column":6},"end":{"line":131,"column":7}},"36":{"start":{"line":129,"column":8},"end":{"line":129,"column":30}},"37":{"start":{"line":130,"column":8},"end":{"line":130,"column":27}},"38":{"start":{"line":136,"column":27},"end":{"line":141,"column":3}},"39":{"start":{"line":138,"column":6},"end":{"line":138,"column":28}},"40":{"start":{"line":143,"column":34},"end":{"line":163,"column":62}},"41":{"start":{"line":144,"column":4},"end":{"line":162,"column":5}},"42":{"start":{"line":146,"column":19},"end":{"line":146,"column":41}},"43":{"start":{"line":147,"column":6},"end":{"line":147,"column":34}},"44":{"start":{"line":148,"column":6},"end":{"line":148,"column":25}},"45":{"start":{"line":150,"column":6},"end":{"line":153,"column":9}},"46":{"start":{"line":154,"column":6},"end":{"line":154,"column":25}},"47":{"start":{"line":155,"column":6},"end":{"line":155,"column":34}},"48":{"start":{"line":156,"column":6},"end":{"line":156,"column":63}},"49":{"start":{"line":158,"column":6},"end":{"line":161,"column":8}},"50":{"start":{"line":165,"column":2},"end":{"line":267,"column":4}},"51":{"start":{"line":181,"column":38},"end":{"line":181,"column":49}},"52":{"start":{"line":183,"column":14},"end":{"line":193,"column":34}},"53":{"start":{"line":185,"column":18},"end":{"line":185,"column":52}},"54":{"start":{"line":224,"column":16},"end":{"line":236,"column":23}},"55":{"start":{"line":230,"column":20},"end":{"line":230,"column":43}},"56":{"start":{"line":243,"column":18},"end":{"line":255,"column":25}},"57":{"start":{"line":249,"column":22},"end":{"line":249,"column":45}}},"fnMap":{"0":{"name":"(anonymous_0)","decl":{"start":{"line":50,"column":26},"end":{"line":50,"column":27}},"loc":{"start":{"line":50,"column":32},"end":{"line":268,"column":1}},"line":50},"1":{"name":"(anonymous_1)","decl":{"start":{"line":66,"column":38},"end":{"line":66,"column":39}},"loc":{"start":{"line":66,"column":44},"end":{"line":76,"column":3}},"line":66},"2":{"name":"(anonymous_2)","decl":{"start":{"line":68,"column":14},"end":{"line":68,"column":15}},"loc":{"start":{"line":68,"column":28},"end":{"line":68,"column":37}},"line":68},"3":{"name":"(anonymous_3)","decl":{"start":{"line":69,"column":11},"end":{"line":69,"column":12}},"loc":{"start":{"line":69,"column":36},"end":{"line":75,"column":7}},"line":69},"4":{"name":"(anonymous_4)","decl":{"start":{"line":78,"column":40},"end":{"line":78,"column":41}},"loc":{"start":{"line":78,"column":46},"end":{"line":88,"column":3}},"line":78},"5":{"name":"(anonymous_5)","decl":{"start":{"line":80,"column":14},"end":{"line":80,"column":15}},"loc":{"start":{"line":80,"column":28},"end":{"line":80,"column":38}},"line":80},"6":{"name":"(anonymous_6)","decl":{"start":{"line":81,"column":11},"end":{"line":81,"column":12}},"loc":{"start":{"line":81,"column":36},"end":{"line":87,"column":7}},"line":81},"7":{"name":"(anonymous_7)","decl":{"start":{"line":90,"column":12},"end":{"line":90,"column":13}},"loc":{"start":{"line":90,"column":18},"end":{"line":94,"column":3}},"line":90},"8":{"name":"(anonymous_8)","decl":{"start":{"line":91,"column":30},"end":{"line":91,"column":31}},"loc":{"start":{"line":91,"column":42},"end":{"line":93,"column":5}},"line":91},"9":{"name":"(anonymous_9)","decl":{"start":{"line":96,"column":12},"end":{"line":96,"column":13}},"loc":{"start":{"line":96,"column":18},"end":{"line":108,"column":3}},"line":96},"10":{"name":"(anonymous_10)","decl":{"start":{"line":105,"column":12},"end":{"line":105,"column":13}},"loc":{"start":{"line":105,"column":24},"end":{"line":107,"column":7}},"line":105},"11":{"name":"(anonymous_11)","decl":{"start":{"line":110,"column":35},"end":{"line":110,"column":36}},"loc":{"start":{"line":110,"column":41},"end":{"line":112,"column":3}},"line":110},"12":{"name":"(anonymous_12)","decl":{"start":{"line":114,"column":43},"end":{"line":114,"column":44}},"loc":{"start":{"line":114,"column":57},"end":{"line":116,"column":3}},"line":114},"13":{"name":"(anonymous_13)","decl":{"start":{"line":118,"column":45},"end":{"line":118,"column":46}},"loc":{"start":{"line":118,"column":51},"end":{"line":120,"column":3}},"line":118},"14":{"name":"(anonymous_14)","decl":{"start":{"line":119,"column":22},"end":{"line":119,"column":23}},"loc":{"start":{"line":119,"column":31},"end":{"line":119,"column":37}},"line":119},"15":{"name":"(anonymous_15)","decl":{"start":{"line":123,"column":4},"end":{"line":123,"column":5}},"loc":{"start":{"line":123,"column":35},"end":{"line":132,"column":5}},"line":123},"16":{"name":"(anonymous_16)","decl":{"start":{"line":137,"column":4},"end":{"line":137,"column":5}},"loc":{"start":{"line":137,"column":22},"end":{"line":139,"column":5}},"line":137},"17":{"name":"(anonymous_17)","decl":{"start":{"line":143,"column":46},"end":{"line":143,"column":47}},"loc":{"start":{"line":143,"column":58},"end":{"line":163,"column":3}},"line":143},"18":{"name":"(anonymous_18)","decl":{"start":{"line":181,"column":26},"end":{"line":181,"column":27}},"loc":{"start":{"line":181,"column":38},"end":{"line":181,"column":49}},"line":181},"19":{"name":"(anonymous_19)","decl":{"start":{"line":182,"column":24},"end":{"line":182,"column":25}},"loc":{"start":{"line":183,"column":14},"end":{"line":193,"column":34}},"line":183},"20":{"name":"(anonymous_20)","decl":{"start":{"line":184,"column":25},"end":{"line":184,"column":26}},"loc":{"start":{"line":184,"column":31},"end":{"line":186,"column":17}},"line":184},"21":{"name":"(anonymous_21)","decl":{"start":{"line":223,"column":39},"end":{"line":223,"column":40}},"loc":{"start":{"line":224,"column":16},"end":{"line":236,"column":23}},"line":224},"22":{"name":"(anonymous_22)","decl":{"start":{"line":229,"column":27},"end":{"line":229,"column":28}},"loc":{"start":{"line":229,"column":33},"end":{"line":231,"column":19}},"line":229},"23":{"name":"(anonymous_23)","decl":{"start":{"line":242,"column":16},"end":{"line":242,"column":17}},"loc":{"start":{"line":243,"column":18},"end":{"line":255,"column":25}},"line":243},"24":{"name":"(anonymous_24)","decl":{"start":{"line":248,"column":29},"end":{"line":248,"column":30}},"loc":{"start":{"line":248,"column":35},"end":{"line":250,"column":21}},"line":248}},"branchMap":{"0":{"loc":{"start":{"line":124,"column":6},"end":{"line":126,"column":7}},"type":"if","locations":[{"start":{"line":124,"column":6},"end":{"line":126,"column":7}},{"start":{"line":124,"column":6},"end":{"line":126,"column":7}}],"line":124},"1":{"loc":{"start":{"line":128,"column":6},"end":{"line":131,"column":7}},"type":"if","locations":[{"start":{"line":128,"column":6},"end":{"line":131,"column":7}},{"start":{"line":128,"column":6},"end":{"line":131,"column":7}}],"line":128},"2":{"loc":{"start":{"line":207,"column":11},"end":{"line":215,"column":11}},"type":"binary-expr","locations":[{"start":{"line":207,"column":11},"end":{"line":207,"column":25}},{"start":{"line":208,"column":12},"end":{"line":214,"column":14}}],"line":207}},"s":{"0":0,"1":0,"2":0,"3":0,"4":0,"5":0,"6":0,"7":0,"8":0,"9":0,"10":0,"11":0,"12":0,"13":0,"14":0,"15":0,"16":0,"17":0,"18":0,"19":0,"20":0,"21":0,"22":0,"23":0,"24":0,"25":0,"26":0,"27":0,"28":0,"29":0,"30":0,"31":0,"32":0,"33":0,"34":0,"35":0,"36":0,"37":0,"38":0,"39":0,"40":0,"41":0,"42":0,"43":0,"44":0,"45":0,"46":0,"47":0,"48":0,"49":0,"50":0,"51":0,"52":0,"53":0,"54":0,"55":0,"56":0,"57":0},"f":{"0":0,"1":0,"2":0,"3":0,"4":0,"5":0,"6":0,"7":0,"8":0,"9":0,"10":0,"11":0,"12":0,"13":0,"14":0,"15":0,"16":0,"17":0,"18":0,"19":0,"20":0,"21":0,"22":0,"23":0,"24":0},"b":{"0":[0,0],"1":[0,0],"2":[0,0]}}
,"C:\\Users\\FernandesPC\\Desktop\\Personal-GitHub\\BootCamp GoStack\\GoStack\\nivel 5\\Aulas\\03\\Project\\Mobile\\src\\pages\\Dashboard\\index.tsx": {"path":"C:\\Users\\FernandesPC\\Desktop\\Personal-GitHub\\BootCamp GoStack\\GoStack\\nivel 5\\Aulas\\03\\Project\\Mobile\\src\\pages\\Dashboard\\index.tsx","statementMap":{"0":{"start":{"line":29,"column":28},"end":{"line":90,"column":1}},"1":{"start":{"line":30,"column":19},"end":{"line":30,"column":28}},"2":{"start":{"line":31,"column":23},"end":{"line":31,"column":38}},"3":{"start":{"line":32,"column":36},"end":{"line":32,"column":60}},"4":{"start":{"line":34,"column":2},"end":{"line":38,"column":9}},"5":{"start":{"line":35,"column":4},"end":{"line":37,"column":7}},"6":{"start":{"line":36,"column":6},"end":{"line":36,"column":34}},"7":{"start":{"line":40,"column":28},"end":{"line":42,"column":16}},"8":{"start":{"line":41,"column":4},"end":{"line":41,"column":24}},"9":{"start":{"line":44,"column":38},"end":{"line":49,"column":3}},"10":{"start":{"line":46,"column":6},"end":{"line":46,"column":52}},"11":{"start":{"line":51,"column":2},"end":{"line":89,"column":4}},"12":{"start":{"line":68,"column":34},"end":{"line":68,"column":45}},"13":{"start":{"line":70,"column":10},"end":{"line":85,"column":30}},"14":{"start":{"line":71,"column":27},"end":{"line":71,"column":67}}},"fnMap":{"0":{"name":"(anonymous_0)","decl":{"start":{"line":29,"column":28},"end":{"line":29,"column":29}},"loc":{"start":{"line":29,"column":34},"end":{"line":90,"column":1}},"line":29},"1":{"name":"(anonymous_1)","decl":{"start":{"line":34,"column":12},"end":{"line":34,"column":13}},"loc":{"start":{"line":34,"column":18},"end":{"line":38,"column":3}},"line":34},"2":{"name":"(anonymous_2)","decl":{"start":{"line":35,"column":30},"end":{"line":35,"column":31}},"loc":{"start":{"line":35,"column":42},"end":{"line":37,"column":5}},"line":35},"3":{"name":"(anonymous_3)","decl":{"start":{"line":40,"column":40},"end":{"line":40,"column":41}},"loc":{"start":{"line":40,"column":46},"end":{"line":42,"column":3}},"line":40},"4":{"name":"(anonymous_4)","decl":{"start":{"line":45,"column":4},"end":{"line":45,"column":5}},"loc":{"start":{"line":45,"column":28},"end":{"line":47,"column":5}},"line":45},"5":{"name":"(anonymous_5)","decl":{"start":{"line":68,"column":22},"end":{"line":68,"column":23}},"loc":{"start":{"line":68,"column":34},"end":{"line":68,"column":45}},"line":68},"6":{"name":"(anonymous_6)","decl":{"start":{"line":69,"column":20},"end":{"line":69,"column":21}},"loc":{"start":{"line":70,"column":10},"end":{"line":85,"column":30}},"line":70},"7":{"name":"(anonymous_7)","decl":{"start":{"line":71,"column":21},"end":{"line":71,"column":22}},"loc":{"start":{"line":71,"column":27},"end":{"line":71,"column":67}},"line":71}},"branchMap":{},"s":{"0":0,"1":0,"2":0,"3":0,"4":0,"5":0,"6":0,"7":0,"8":0,"9":0,"10":0,"11":0,"12":0,"13":0,"14":0},"f":{"0":0,"1":0,"2":0,"3":0,"4":0,"5":0,"6":0,"7":0},"b":{}}
,"C:\\Users\\FernandesPC\\Desktop\\Personal-GitHub\\BootCamp GoStack\\GoStack\\nivel 5\\Aulas\\03\\Project\\Mobile\\src\\pages\\Profile\\index.tsx": {"path":"C:\\Users\\FernandesPC\\Desktop\\Personal-GitHub\\BootCamp GoStack\\GoStack\\nivel 5\\Aulas\\03\\Project\\Mobile\\src\\pages\\Profile\\index.tsx","statementMap":{"0":{"start":{"line":38,"column":26},"end":{"line":258,"column":1}},"1":{"start":{"line":39,"column":31},"end":{"line":39,"column":40}},"2":{"start":{"line":40,"column":21},"end":{"line":40,"column":36}},"3":{"start":{"line":42,"column":18},"end":{"line":42,"column":43}},"4":{"start":{"line":44,"column":24},"end":{"line":44,"column":47}},"5":{"start":{"line":45,"column":30},"end":{"line":45,"column":53}},"6":{"start":{"line":46,"column":27},"end":{"line":46,"column":50}},"7":{"start":{"line":47,"column":34},"end":{"line":47,"column":57}},"8":{"start":{"line":49,"column":23},"end":{"line":51,"column":18}},"9":{"start":{"line":50,"column":4},"end":{"line":50,"column":24}},"10":{"start":{"line":53,"column":24},"end":{"line":122,"column":3}},"11":{"start":{"line":55,"column":6},"end":{"line":119,"column":7}},"12":{"start":{"line":56,"column":8},"end":{"line":56,"column":39}},"13":{"start":{"line":58,"column":23},"end":{"line":76,"column":10}},"14":{"start":{"line":65,"column":23},"end":{"line":65,"column":35}},"15":{"start":{"line":71,"column":25},"end":{"line":71,"column":37}},"16":{"start":{"line":78,"column":8},"end":{"line":80,"column":11}},"17":{"start":{"line":88,"column":12},"end":{"line":88,"column":16}},"18":{"start":{"line":90,"column":25},"end":{"line":100,"column":9}},"19":{"start":{"line":102,"column":25},"end":{"line":102,"column":60}},"20":{"start":{"line":104,"column":8},"end":{"line":104,"column":34}},"21":{"start":{"line":106,"column":8},"end":{"line":106,"column":54}},"22":{"start":{"line":108,"column":8},"end":{"line":108,"column":28}},"23":{"start":{"line":110,"column":8},"end":{"line":114,"column":9}},"24":{"start":{"line":111,"column":25},"end":{"line":111,"column":49}},"25":{"start":{"line":112,"column":10},"end":{"line":112,"column":45}},"26":{"start":{"line":113,"column":10},"end":{"line":113,"column":17}},"27":{"start":{"line":115,"column":8},"end":{"line":118,"column":10}},"28":{"start":{"line":124,"column":29},"end":{"line":154,"column":27}},"29":{"start":{"line":125,"column":4},"end":{"line":153,"column":6}},"30":{"start":{"line":133,"column":8},"end":{"line":135,"column":9}},"31":{"start":{"line":134,"column":10},"end":{"line":134,"column":17}},"32":{"start":{"line":137,"column":8},"end":{"line":140,"column":9}},"33":{"start":{"line":138,"column":10},"end":{"line":138,"column":54}},"34":{"start":{"line":139,"column":10},"end":{"line":139,"column":17}},"35":{"start":{"line":142,"column":21},"end":{"line":142,"column":35}},"36":{"start":{"line":143,"column":8},"end":{"line":147,"column":11}},"37":{"start":{"line":149,"column":8},"end":{"line":151,"column":11}},"38":{"start":{"line":150,"column":10},"end":{"line":150,"column":39}},"39":{"start":{"line":156,"column":2},"end":{"line":257,"column":4}},"40":{"start":{"line":192,"column":18},"end":{"line":192,"column":49}},"41":{"start":{"line":205,"column":18},"end":{"line":205,"column":55}},"42":{"start":{"line":218,"column":18},"end":{"line":218,"column":52}},"43":{"start":{"line":230,"column":18},"end":{"line":230,"column":59}},"44":{"start":{"line":242,"column":18},"end":{"line":242,"column":48}},"45":{"start":{"line":247,"column":18},"end":{"line":247,"column":48}}},"fnMap":{"0":{"name":"(anonymous_0)","decl":{"start":{"line":38,"column":26},"end":{"line":38,"column":27}},"loc":{"start":{"line":38,"column":32},"end":{"line":258,"column":1}},"line":38},"1":{"name":"(anonymous_1)","decl":{"start":{"line":49,"column":35},"end":{"line":49,"column":36}},"loc":{"start":{"line":49,"column":41},"end":{"line":51,"column":3}},"line":49},"2":{"name":"(anonymous_2)","decl":{"start":{"line":54,"column":4},"end":{"line":54,"column":5}},"loc":{"start":{"line":54,"column":37},"end":{"line":120,"column":5}},"line":54},"3":{"name":"(anonymous_3)","decl":{"start":{"line":65,"column":16},"end":{"line":65,"column":17}},"loc":{"start":{"line":65,"column":23},"end":{"line":65,"column":35}},"line":65},"4":{"name":"(anonymous_4)","decl":{"start":{"line":71,"column":18},"end":{"line":71,"column":19}},"loc":{"start":{"line":71,"column":25},"end":{"line":71,"column":37}},"line":71},"5":{"name":"(anonymous_5)","decl":{"start":{"line":124,"column":41},"end":{"line":124,"column":42}},"loc":{"start":{"line":124,"column":47},"end":{"line":154,"column":3}},"line":124},"6":{"name":"(anonymous_6)","decl":{"start":{"line":132,"column":6},"end":{"line":132,"column":7}},"loc":{"start":{"line":132,"column":18},"end":{"line":152,"column":7}},"line":132},"7":{"name":"(anonymous_7)","decl":{"start":{"line":149,"column":45},"end":{"line":149,"column":46}},"loc":{"start":{"line":149,"column":60},"end":{"line":151,"column":9}},"line":149},"8":{"name":"(anonymous_8)","decl":{"start":{"line":191,"column":33},"end":{"line":191,"column":34}},"loc":{"start":{"line":191,"column":39},"end":{"line":193,"column":17}},"line":191},"9":{"name":"(anonymous_9)","decl":{"start":{"line":204,"column":33},"end":{"line":204,"column":34}},"loc":{"start":{"line":204,"column":39},"end":{"line":206,"column":17}},"line":204},"10":{"name":"(anonymous_10)","decl":{"start":{"line":217,"column":33},"end":{"line":217,"column":34}},"loc":{"start":{"line":217,"column":39},"end":{"line":219,"column":17}},"line":217},"11":{"name":"(anonymous_11)","decl":{"start":{"line":229,"column":33},"end":{"line":229,"column":34}},"loc":{"start":{"line":229,"column":39},"end":{"line":231,"column":17}},"line":229},"12":{"name":"(anonymous_12)","decl":{"start":{"line":241,"column":33},"end":{"line":241,"column":34}},"loc":{"start":{"line":241,"column":39},"end":{"line":243,"column":17}},"line":241},"13":{"name":"(anonymous_13)","decl":{"start":{"line":246,"column":25},"end":{"line":246,"column":26}},"loc":{"start":{"line":246,"column":31},"end":{"line":248,"column":17}},"line":246}},"branchMap":{"0":{"loc":{"start":{"line":93,"column":14},"end":{"line":99,"column":16}},"type":"cond-expr","locations":[{"start":{"line":94,"column":14},"end":{"line":98,"column":15}},{"start":{"line":99,"column":14},"end":{"line":99,"column":16}}],"line":93},"1":{"loc":{"start":{"line":110,"column":8},"end":{"line":114,"column":9}},"type":"if","locations":[{"start":{"line":110,"column":8},"end":{"line":114,"column":9}},{"start":{"line":110,"column":8},"end":{"line":114,"column":9}}],"line":110},"2":{"loc":{"start":{"line":133,"column":8},"end":{"line":135,"column":9}},"type":"if","locations":[{"start":{"line":133,"column":8},"end":{"line":135,"column":9}},{"start":{"line":133,"column":8},"end":{"line":135,"column":9}}],"line":133},"3":{"loc":{"start":{"line":137,"column":8},"end":{"line":140,"column":9}},"type":"if","locations":[{"start":{"line":137,"column":8},"end":{"line":140,"column":9}},{"start":{"line":137,"column":8},"end":{"line":140,"column":9}}],"line":137},"4":{"loc":{"start":{"line":160,"column":18},"end":{"line":160,"column":63}},"type":"cond-expr","locations":[{"start":{"line":160,"column":42},"end":{"line":160,"column":51}},{"start":{"line":160,"column":54},"end":{"line":160,"column":63}}],"line":160}},"s":{"0":0,"1":0,"2":0,"3":0,"4":0,"5":0,"6":0,"7":0,"8":0,"9":0,"10":0,"11":0,"12":0,"13":0,"14":0,"15":0,"16":0,"17":0,"18":0,"19":0,"20":0,"21":0,"22":0,"23":0,"24":0,"25":0,"26":0,"27":0,"28":0,"29":0,"30":0,"31":0,"32":0,"33":0,"34":0,"35":0,"36":0,"37":0,"38":0,"39":0,"40":0,"41":0,"42":0,"43":0,"44":0,"45":0},"f":{"0":0,"1":0,"2":0,"3":0,"4":0,"5":0,"6":0,"7":0,"8":0,"9":0,"10":0,"11":0,"12":0,"13":0},"b":{"0":[0,0],"1":[0,0],"2":[0,0],"3":[0,0],"4":[0,0]}}
,"C:\\Users\\FernandesPC\\Desktop\\Personal-GitHub\\BootCamp GoStack\\GoStack\\nivel 5\\Aulas\\03\\Project\\Mobile\\src\\pages\\SignIn\\index.tsx": {"path":"C:\\Users\\FernandesPC\\Desktop\\Personal-GitHub\\BootCamp GoStack\\GoStack\\nivel 5\\Aulas\\03\\Project\\Mobile\\src\\pages\\SignIn\\index.tsx","statementMap":{"0":{"start":{"line":36,"column":25},"end":{"line":145,"column":1}},"1":{"start":{"line":37,"column":21},"end":{"line":37,"column":36}},"2":{"start":{"line":38,"column":18},"end":{"line":38,"column":43}},"3":{"start":{"line":39,"column":27},"end":{"line":39,"column":50}},"4":{"start":{"line":40,"column":21},"end":{"line":40,"column":30}},"5":{"start":{"line":42,"column":23},"end":{"line":73,"column":3}},"6":{"start":{"line":44,"column":6},"end":{"line":70,"column":7}},"7":{"start":{"line":45,"column":8},"end":{"line":45,"column":39}},"8":{"start":{"line":46,"column":23},"end":{"line":51,"column":10}},"9":{"start":{"line":52,"column":8},"end":{"line":54,"column":11}},"10":{"start":{"line":55,"column":8},"end":{"line":58,"column":11}},"11":{"start":{"line":61,"column":8},"end":{"line":65,"column":9}},"12":{"start":{"line":62,"column":25},"end":{"line":62,"column":49}},"13":{"start":{"line":63,"column":10},"end":{"line":63,"column":45}},"14":{"start":{"line":64,"column":10},"end":{"line":64,"column":17}},"15":{"start":{"line":66,"column":8},"end":{"line":69,"column":10}},"16":{"start":{"line":75,"column":2},"end":{"line":144,"column":4}},"17":{"start":{"line":106,"column":18},"end":{"line":106,"column":52}},"18":{"start":{"line":117,"column":18},"end":{"line":117,"column":48}},"19":{"start":{"line":122,"column":18},"end":{"line":122,"column":48}},"20":{"start":{"line":137,"column":10},"end":{"line":137,"column":40}}},"fnMap":{"0":{"name":"(anonymous_0)","decl":{"start":{"line":36,"column":25},"end":{"line":36,"column":26}},"loc":{"start":{"line":36,"column":31},"end":{"line":145,"column":1}},"line":36},"1":{"name":"(anonymous_1)","decl":{"start":{"line":43,"column":4},"end":{"line":43,"column":5}},"loc":{"start":{"line":43,"column":36},"end":{"line":71,"column":5}},"line":43},"2":{"name":"(anonymous_2)","decl":{"start":{"line":105,"column":33},"end":{"line":105,"column":34}},"loc":{"start":{"line":105,"column":39},"end":{"line":107,"column":17}},"line":105},"3":{"name":"(anonymous_3)","decl":{"start":{"line":116,"column":33},"end":{"line":116,"column":34}},"loc":{"start":{"line":116,"column":39},"end":{"line":118,"column":17}},"line":116},"4":{"name":"(anonymous_4)","decl":{"start":{"line":121,"column":25},"end":{"line":121,"column":26}},"loc":{"start":{"line":121,"column":31},"end":{"line":123,"column":17}},"line":121},"5":{"name":"(anonymous_5)","decl":{"start":{"line":136,"column":17},"end":{"line":136,"column":18}},"loc":{"start":{"line":136,"column":23},"end":{"line":138,"column":9}},"line":136}},"branchMap":{"0":{"loc":{"start":{"line":61,"column":8},"end":{"line":65,"column":9}},"type":"if","locations":[{"start":{"line":61,"column":8},"end":{"line":65,"column":9}},{"start":{"line":61,"column":8},"end":{"line":65,"column":9}}],"line":61},"1":{"loc":{"start":{"line":79,"column":18},"end":{"line":79,"column":63}},"type":"cond-expr","locations":[{"start":{"line":79,"column":42},"end":{"line":79,"column":51}},{"start":{"line":79,"column":54},"end":{"line":79,"column":63}}],"line":79}},"s":{"0":1,"1":1,"2":1,"3":1,"4":1,"5":1,"6":0,"7":0,"8":0,"9":0,"10":0,"11":0,"12":0,"13":0,"14":0,"15":0,"16":1,"17":0,"18":0,"19":0,"20":0},"f":{"0":1,"1":0,"2":0,"3":0,"4":0,"5":0},"b":{"0":[0,0],"1":[1,0]},"_coverageSchema":"1a1c01bbd47fc00a2c39e90264f33305004495a9","hash":"3ff5f9bb656d177ecaa22b00a540b75ad0739a6c"}
,"C:\\Users\\FernandesPC\\Desktop\\Personal-GitHub\\BootCamp GoStack\\GoStack\\nivel 5\\Aulas\\03\\Project\\Mobile\\src\\pages\\SignUp\\index.tsx": {"path":"C:\\Users\\FernandesPC\\Desktop\\Personal-GitHub\\BootCamp GoStack\\GoStack\\nivel 5\\Aulas\\03\\Project\\Mobile\\src\\pages\\SignUp\\index.tsx","statementMap":{"0":{"start":{"line":29,"column":25},"end":{"line":144,"column":1}},"1":{"start":{"line":30,"column":21},"end":{"line":30,"column":36}},"2":{"start":{"line":31,"column":18},"end":{"line":31,"column":43}},"3":{"start":{"line":33,"column":24},"end":{"line":33,"column":47}},"4":{"start":{"line":34,"column":27},"end":{"line":34,"column":50}},"5":{"start":{"line":36,"column":23},"end":{"line":69,"column":3}},"6":{"start":{"line":38,"column":6},"end":{"line":66,"column":7}},"7":{"start":{"line":39,"column":8},"end":{"line":39,"column":39}},"8":{"start":{"line":40,"column":23},"end":{"line":46,"column":10}},"9":{"start":{"line":47,"column":8},"end":{"line":49,"column":11}},"10":{"start":{"line":50,"column":8},"end":{"line":50,"column":39}},"11":{"start":{"line":51,"column":8},"end":{"line":54,"column":10}},"12":{"start":{"line":55,"column":8},"end":{"line":55,"column":28}},"13":{"start":{"line":57,"column":8},"end":{"line":61,"column":9}},"14":{"start":{"line":58,"column":25},"end":{"line":58,"column":49}},"15":{"start":{"line":59,"column":10},"end":{"line":59,"column":45}},"16":{"start":{"line":60,"column":10},"end":{"line":60,"column":17}},"17":{"start":{"line":62,"column":8},"end":{"line":65,"column":10}},"18":{"start":{"line":71,"column":2},"end":{"line":143,"column":4}},"19":{"start":{"line":99,"column":18},"end":{"line":99,"column":49}},"20":{"start":{"line":112,"column":18},"end":{"line":112,"column":52}},"21":{"start":{"line":124,"column":18},"end":{"line":124,"column":48}},"22":{"start":{"line":129,"column":18},"end":{"line":129,"column":48}},"23":{"start":{"line":138,"column":33},"end":{"line":138,"column":52}}},"fnMap":{"0":{"name":"(anonymous_0)","decl":{"start":{"line":29,"column":25},"end":{"line":29,"column":26}},"loc":{"start":{"line":29,"column":31},"end":{"line":144,"column":1}},"line":29},"1":{"name":"(anonymous_1)","decl":{"start":{"line":37,"column":4},"end":{"line":37,"column":5}},"loc":{"start":{"line":37,"column":36},"end":{"line":67,"column":5}},"line":37},"2":{"name":"(anonymous_2)","decl":{"start":{"line":98,"column":33},"end":{"line":98,"column":34}},"loc":{"start":{"line":98,"column":39},"end":{"line":100,"column":17}},"line":98},"3":{"name":"(anonymous_3)","decl":{"start":{"line":111,"column":33},"end":{"line":111,"column":34}},"loc":{"start":{"line":111,"column":39},"end":{"line":113,"column":17}},"line":111},"4":{"name":"(anonymous_4)","decl":{"start":{"line":123,"column":33},"end":{"line":123,"column":34}},"loc":{"start":{"line":123,"column":39},"end":{"line":125,"column":17}},"line":123},"5":{"name":"(anonymous_5)","decl":{"start":{"line":128,"column":25},"end":{"line":128,"column":26}},"loc":{"start":{"line":128,"column":31},"end":{"line":130,"column":17}},"line":128},"6":{"name":"(anonymous_6)","decl":{"start":{"line":138,"column":27},"end":{"line":138,"column":28}},"loc":{"start":{"line":138,"column":33},"end":{"line":138,"column":52}},"line":138}},"branchMap":{"0":{"loc":{"start":{"line":57,"column":8},"end":{"line":61,"column":9}},"type":"if","locations":[{"start":{"line":57,"column":8},"end":{"line":61,"column":9}},{"start":{"line":57,"column":8},"end":{"line":61,"column":9}}],"line":57},"1":{"loc":{"start":{"line":75,"column":18},"end":{"line":75,"column":63}},"type":"cond-expr","locations":[{"start":{"line":75,"column":42},"end":{"line":75,"column":51}},{"start":{"line":75,"column":54},"end":{"line":75,"column":63}}],"line":75}},"s":{"0":0,"1":0,"2":0,"3":0,"4":0,"5":0,"6":0,"7":0,"8":0,"9":0,"10":0,"11":0,"12":0,"13":0,"14":0,"15":0,"16":0,"17":0,"18":0,"19":0,"20":0,"21":0,"22":0,"23":0},"f":{"0":0,"1":0,"2":0,"3":0,"4":0,"5":0,"6":0},"b":{"0":[0,0],"1":[0,0]}}
}
