TN:
SF:src\components\Button\index.tsx
FN:9,(anonymous_0)
FNF:1
FNH:1
FNDA:1,(anonymous_0)
DA:9,1
DA:10,1
LF:2
LH:2
BRF:0
BRH:0
end_of_record
TN:
SF:src\components\Input\index.tsx
FN:34,(anonymous_0)
FN:45,(anonymous_1)
FN:46,(anonymous_2)
FN:51,(anonymous_3)
FN:55,(anonymous_4)
FN:60,(anonymous_5)
FN:65,(anonymous_6)
FN:69,(anonymous_7)
FN:87,(anonymous_8)
FNF:9
FNH:3
FNDA:2,(anonymous_0)
FNDA:1,(anonymous_1)
FNDA:0,(anonymous_2)
FNDA:0,(anonymous_3)
FNDA:0,(anonymous_4)
FNDA:2,(anonymous_5)
FNDA:0,(anonymous_6)
FNDA:0,(anonymous_7)
FNDA:0,(anonymous_8)
DA:34,1
DA:38,2
DA:39,2
DA:40,2
DA:42,2
DA:43,2
DA:45,2
DA:47,0
DA:51,2
DA:52,0
DA:55,2
DA:56,0
DA:57,0
DA:60,2
DA:61,2
DA:66,0
DA:67,0
DA:70,0
DA:71,0
DA:76,2
DA:88,0
LF:21
LH:12
BRDA:35,0,0,2
BRDA:38,1,0,2
BRDA:81,2,0,0
BRDA:81,2,1,2
BRDA:81,3,0,2
BRDA:81,3,1,2
BRF:6
BRH:5
end_of_record
TN:
SF:src\hooks\auth.tsx
FN:39,(anonymous_0)
FN:43,(anonymous_1)
FN:44,loadStoragedData
FN:59,(anonymous_3)
FN:73,(anonymous_4)
FN:79,(anonymous_5)
FN:98,useAuth
FNF:7
FNH:1
FNDA:0,(anonymous_0)
FNDA:0,(anonymous_1)
FNDA:0,loadStoragedData
FNDA:0,(anonymous_3)
FNDA:0,(anonymous_4)
FNDA:0,(anonymous_5)
FNDA:1,useAuth
DA:37,1
DA:39,1
DA:40,0
DA:41,0
DA:43,0
DA:45,0
DA:50,0
DA:51,0
DA:52,0
DA:54,0
DA:56,0
DA:59,0
DA:60,0
DA:64,0
DA:65,0
DA:69,0
DA:70,0
DA:73,0
DA:74,0
DA:75,0
DA:78,0
DA:80,0
DA:81,0
DA:89,0
DA:99,1
DA:101,1
DA:102,0
DA:104,1
LF:28
LH:5
BRDA:50,0,0,0
BRDA:50,0,1,0
BRDA:50,1,0,0
BRDA:50,1,1,0
BRDA:101,2,0,0
BRDA:101,2,1,1
BRF:6
BRH:1
end_of_record
TN:
SF:src\pages\AppointmentCreated\index.tsx
FN:18,(anonymous_0)
FN:24,(anonymous_1)
FN:32,(anonymous_2)
FNF:3
FNH:0
FNDA:0,(anonymous_0)
FNDA:0,(anonymous_1)
FNDA:0,(anonymous_2)
DA:18,0
DA:19,0
DA:20,0
DA:22,0
DA:24,0
DA:25,0
DA:32,0
DA:33,0
DA:39,0
LF:9
LH:0
BRF:0
BRH:0
end_of_record
TN:
SF:src\pages\CreateAppointment\index.tsx
FN:50,(anonymous_0)
FN:66,(anonymous_1)
FN:68,(anonymous_2)
FN:69,(anonymous_3)
FN:78,(anonymous_4)
FN:80,(anonymous_5)
FN:81,(anonymous_6)
FN:90,(anonymous_7)
FN:91,(anonymous_8)
FN:96,(anonymous_9)
FN:105,(anonymous_10)
FN:110,(anonymous_11)
FN:114,(anonymous_12)
FN:118,(anonymous_13)
FN:119,(anonymous_14)
FN:123,(anonymous_15)
FN:137,(anonymous_16)
FN:143,(anonymous_17)
FN:181,(anonymous_18)
FN:182,(anonymous_19)
FN:184,(anonymous_20)
FN:223,(anonymous_21)
FN:229,(anonymous_22)
FN:242,(anonymous_23)
FN:248,(anonymous_24)
FNF:25
FNH:0
FNDA:0,(anonymous_0)
FNDA:0,(anonymous_1)
FNDA:0,(anonymous_2)
FNDA:0,(anonymous_3)
FNDA:0,(anonymous_4)
FNDA:0,(anonymous_5)
FNDA:0,(anonymous_6)
FNDA:0,(anonymous_7)
FNDA:0,(anonymous_8)
FNDA:0,(anonymous_9)
FNDA:0,(anonymous_10)
FNDA:0,(anonymous_11)
FNDA:0,(anonymous_12)
FNDA:0,(anonymous_13)
FNDA:0,(anonymous_14)
FNDA:0,(anonymous_15)
FNDA:0,(anonymous_16)
FNDA:0,(anonymous_17)
FNDA:0,(anonymous_18)
FNDA:0,(anonymous_19)
FNDA:0,(anonymous_20)
FNDA:0,(anonymous_21)
FNDA:0,(anonymous_22)
FNDA:0,(anonymous_23)
FNDA:0,(anonymous_24)
DA:50,0
DA:51,0
DA:52,0
DA:54,0
DA:55,0
DA:57,0
DA:58,0
DA:59,0
DA:60,0
DA:61,0
DA:62,0
DA:66,0
DA:67,0
DA:68,0
DA:70,0
DA:78,0
DA:79,0
DA:80,0
DA:82,0
DA:90,0
DA:91,0
DA:92,0
DA:96,0
DA:97,0
DA:106,0
DA:110,0
DA:111,0
DA:114,0
DA:115,0
DA:118,0
DA:119,0
DA:122,0
DA:124,0
DA:125,0
DA:128,0
DA:129,0
DA:130,0
DA:136,0
DA:138,0
DA:143,0
DA:144,0
DA:146,0
DA:147,0
DA:148,0
DA:150,0
DA:154,0
DA:155,0
DA:156,0
DA:158,0
DA:165,0
DA:181,0
DA:183,0
DA:185,0
DA:224,0
DA:230,0
DA:243,0
DA:249,0
LF:57
LH:0
BRDA:124,0,0,0
BRDA:124,0,1,0
BRDA:128,1,0,0
BRDA:128,1,1,0
BRDA:207,2,0,0
BRDA:207,2,1,0
BRF:6
BRH:0
end_of_record
TN:
SF:src\pages\Dashboard\index.tsx
FN:29,(anonymous_0)
FN:34,(anonymous_1)
FN:35,(anonymous_2)
FN:40,(anonymous_3)
FN:45,(anonymous_4)
FN:68,(anonymous_5)
FN:69,(anonymous_6)
FN:71,(anonymous_7)
FNF:8
FNH:0
FNDA:0,(anonymous_0)
FNDA:0,(anonymous_1)
FNDA:0,(anonymous_2)
FNDA:0,(anonymous_3)
FNDA:0,(anonymous_4)
FNDA:0,(anonymous_5)
FNDA:0,(anonymous_6)
FNDA:0,(anonymous_7)
DA:29,0
DA:30,0
DA:31,0
DA:32,0
DA:34,0
DA:35,0
DA:36,0
DA:40,0
DA:41,0
DA:44,0
DA:46,0
DA:51,0
DA:68,0
DA:70,0
DA:71,0
LF:15
LH:0
BRF:0
BRH:0
end_of_record
TN:
SF:src\pages\Profile\index.tsx
FN:38,(anonymous_0)
FN:49,(anonymous_1)
FN:54,(anonymous_2)
FN:65,(anonymous_3)
FN:71,(anonymous_4)
FN:124,(anonymous_5)
FN:132,(anonymous_6)
FN:149,(anonymous_7)
FN:191,(anonymous_8)
FN:204,(anonymous_9)
FN:217,(anonymous_10)
FN:229,(anonymous_11)
FN:241,(anonymous_12)
FN:246,(anonymous_13)
FNF:14
FNH:0
FNDA:0,(anonymous_0)
FNDA:0,(anonymous_1)
FNDA:0,(anonymous_2)
FNDA:0,(anonymous_3)
FNDA:0,(anonymous_4)
FNDA:0,(anonymous_5)
FNDA:0,(anonymous_6)
FNDA:0,(anonymous_7)
FNDA:0,(anonymous_8)
FNDA:0,(anonymous_9)
FNDA:0,(anonymous_10)
FNDA:0,(anonymous_11)
FNDA:0,(anonymous_12)
FNDA:0,(anonymous_13)
DA:38,0
DA:39,0
DA:40,0
DA:42,0
DA:44,0
DA:45,0
DA:46,0
DA:47,0
DA:49,0
DA:50,0
DA:53,0
DA:55,0
DA:56,0
DA:58,0
DA:65,0
DA:71,0
DA:78,0
DA:88,0
DA:90,0
DA:102,0
DA:104,0
DA:106,0
DA:108,0
DA:110,0
DA:111,0
DA:112,0
DA:113,0
DA:115,0
DA:124,0
DA:125,0
DA:133,0
DA:134,0
DA:137,0
DA:138,0
DA:139,0
DA:142,0
DA:143,0
DA:149,0
DA:150,0
DA:156,0
DA:192,0
DA:205,0
DA:218,0
DA:230,0
DA:242,0
DA:247,0
LF:46
LH:0
BRDA:93,0,0,0
BRDA:93,0,1,0
BRDA:110,1,0,0
BRDA:110,1,1,0
BRDA:133,2,0,0
BRDA:133,2,1,0
BRDA:137,3,0,0
BRDA:137,3,1,0
BRDA:160,4,0,0
BRDA:160,4,1,0
BRF:10
BRH:0
end_of_record
TN:
SF:src\pages\SignIn\index.tsx
FN:36,(anonymous_0)
FN:43,(anonymous_1)
FN:105,(anonymous_2)
FN:116,(anonymous_3)
FN:121,(anonymous_4)
FN:136,(anonymous_5)
FNF:6
FNH:1
FNDA:1,(anonymous_0)
FNDA:0,(anonymous_1)
FNDA:0,(anonymous_2)
FNDA:0,(anonymous_3)
FNDA:0,(anonymous_4)
FNDA:0,(anonymous_5)
DA:36,1
DA:37,1
DA:38,1
DA:39,1
DA:40,1
DA:42,1
DA:44,0
DA:45,0
DA:46,0
DA:52,0
DA:55,0
DA:61,0
DA:62,0
DA:63,0
DA:64,0
DA:66,0
DA:75,1
DA:106,0
DA:117,0
DA:122,0
DA:137,0
LF:21
LH:7
BRDA:61,0,0,0
BRDA:61,0,1,0
BRDA:79,1,0,1
BRDA:79,1,1,0
BRF:4
BRH:1
end_of_record
TN:
SF:src\pages\SignUp\index.tsx
FN:29,(anonymous_0)
FN:37,(anonymous_1)
FN:98,(anonymous_2)
FN:111,(anonymous_3)
FN:123,(anonymous_4)
FN:128,(anonymous_5)
FN:138,(anonymous_6)
FNF:7
FNH:0
FNDA:0,(anonymous_0)
FNDA:0,(anonymous_1)
FNDA:0,(anonymous_2)
FNDA:0,(anonymous_3)
FNDA:0,(anonymous_4)
FNDA:0,(anonymous_5)
FNDA:0,(anonymous_6)
DA:29,0
DA:30,0
DA:31,0
DA:33,0
DA:34,0
DA:36,0
DA:38,0
DA:39,0
DA:40,0
DA:47,0
DA:50,0
DA:51,0
DA:55,0
DA:57,0
DA:58,0
DA:59,0
DA:60,0
DA:62,0
DA:71,0
DA:99,0
DA:112,0
DA:124,0
DA:129,0
DA:138,0
LF:24
LH:0
BRDA:57,0,0,0
BRDA:57,0,1,0
BRDA:75,1,0,0
BRDA:75,1,1,0
BRF:4
BRH:0
end_of_record
