{"C:\\Users\\FernandesPC\\Desktop\\03\\Project\\Web\\src\\components\\Button\\index.tsx": {"path":"C:\\Users\\FernandesPC\\Desktop\\03\\Project\\Web\\src\\components\\Button\\index.tsx","statementMap":{"0":{"start":{"line":8,"column":38},"end":{"line":12,"column":1}},"1":{"start":{"line":9,"column":2},"end":{"line":11,"column":14}}},"fnMap":{"0":{"name":"(anonymous_0)","decl":{"start":{"line":8,"column":38},"end":{"line":8,"column":39}},"loc":{"start":{"line":9,"column":2},"end":{"line":11,"column":14}},"line":9}},"branchMap":{"0":{"loc":{"start":{"line":10,"column":5},"end":{"line":10,"column":41}},"type":"cond-expr","locations":[{"start":{"line":10,"column":15},"end":{"line":10,"column":30}},{"start":{"line":10,"column":33},"end":{"line":10,"column":41}}],"line":10}},"s":{"0":1,"1":3},"f":{"0":3},"b":{"0":[0,3]},"_coverageSchema":"43e27e138ebf9cfc5966b082cf9a028302ed4184","hash":"69bd880a6b28816de310190e4984fa3f3cc5151c"}
,"C:\\Users\\FernandesPC\\Desktop\\03\\Project\\Web\\src\\components\\Input\\index.tsx": {"path":"C:\\Users\\FernandesPC\\Desktop\\03\\Project\\Web\\src\\components\\Input\\index.tsx","statementMap":{"0":{"start":{"line":23,"column":36},"end":{"line":74,"column":1}},"1":{"start":{"line":29,"column":19},"end":{"line":29,"column":49}},"2":{"start":{"line":30,"column":60},"end":{"line":30,"column":74}},"3":{"start":{"line":31,"column":36},"end":{"line":31,"column":51}},"4":{"start":{"line":32,"column":34},"end":{"line":32,"column":49}},"5":{"start":{"line":34,"column":28},"end":{"line":36,"column":8}},"6":{"start":{"line":35,"column":4},"end":{"line":35,"column":23}},"7":{"start":{"line":38,"column":26},"end":{"line":41,"column":8}},"8":{"start":{"line":39,"column":4},"end":{"line":39,"column":24}},"9":{"start":{"line":40,"column":4},"end":{"line":40,"column":43}},"10":{"start":{"line":43,"column":2},"end":{"line":49,"column":33}},"11":{"start":{"line":44,"column":4},"end":{"line":48,"column":7}},"12":{"start":{"line":51,"column":2},"end":{"line":73,"column":4}}},"fnMap":{"0":{"name":"(anonymous_0)","decl":{"start":{"line":23,"column":36},"end":{"line":23,"column":37}},"loc":{"start":{"line":28,"column":6},"end":{"line":74,"column":1}},"line":28},"1":{"name":"(anonymous_1)","decl":{"start":{"line":34,"column":40},"end":{"line":34,"column":41}},"loc":{"start":{"line":34,"column":46},"end":{"line":36,"column":3}},"line":34},"2":{"name":"(anonymous_2)","decl":{"start":{"line":38,"column":38},"end":{"line":38,"column":39}},"loc":{"start":{"line":38,"column":44},"end":{"line":41,"column":3}},"line":38},"3":{"name":"(anonymous_3)","decl":{"start":{"line":43,"column":12},"end":{"line":43,"column":13}},"loc":{"start":{"line":43,"column":18},"end":{"line":49,"column":3}},"line":43}},"branchMap":{"0":{"loc":{"start":{"line":25,"column":2},"end":{"line":25,"column":21}},"type":"default-arg","locations":[{"start":{"line":25,"column":19},"end":{"line":25,"column":21}}],"line":25},"1":{"loc":{"start":{"line":59,"column":7},"end":{"line":59,"column":33}},"type":"binary-expr","locations":[{"start":{"line":59,"column":7},"end":{"line":59,"column":11}},{"start":{"line":59,"column":15},"end":{"line":59,"column":33}}],"line":59},"2":{"loc":{"start":{"line":67,"column":7},"end":{"line":71,"column":7}},"type":"binary-expr","locations":[{"start":{"line":67,"column":7},"end":{"line":67,"column":12}},{"start":{"line":68,"column":8},"end":{"line":70,"column":16}}],"line":67}},"s":{"0":2,"1":20,"2":20,"3":20,"4":20,"5":20,"6":1,"7":20,"8":2,"9":2,"10":20,"11":12,"12":20},"f":{"0":20,"1":1,"2":2,"3":12},"b":{"0":[20],"1":[20,14],"2":[20,1]},"_coverageSchema":"43e27e138ebf9cfc5966b082cf9a028302ed4184","hash":"bf40926771dd909fc9ad1a3692ba3fe5da089ba3"}
,"C:\\Users\\FernandesPC\\Desktop\\03\\Project\\Web\\src\\components\\ToastContainer\\index.tsx": {"path":"C:\\Users\\FernandesPC\\Desktop\\03\\Project\\Web\\src\\components\\ToastContainer\\index.tsx","statementMap":{"0":{"start":{"line":11,"column":54},"end":{"line":24,"column":1}},"1":{"start":{"line":12,"column":32},"end":{"line":16,"column":4}},"2":{"start":{"line":12,"column":67},"end":{"line":12,"column":77}},"3":{"start":{"line":17,"column":2},"end":{"line":23,"column":4}},"4":{"start":{"line":20,"column":8},"end":{"line":20,"column":56}}},"fnMap":{"0":{"name":"(anonymous_0)","decl":{"start":{"line":11,"column":54},"end":{"line":11,"column":55}},"loc":{"start":{"line":11,"column":72},"end":{"line":24,"column":1}},"line":11},"1":{"name":"(anonymous_1)","decl":{"start":{"line":12,"column":56},"end":{"line":12,"column":57}},"loc":{"start":{"line":12,"column":67},"end":{"line":12,"column":77}},"line":12},"2":{"name":"(anonymous_2)","decl":{"start":{"line":19,"column":33},"end":{"line":19,"column":34}},"loc":{"start":{"line":20,"column":8},"end":{"line":20,"column":56}},"line":20}},"branchMap":{},"s":{"0":0,"1":0,"2":0,"3":0,"4":0},"f":{"0":0,"1":0,"2":0},"b":{},"hash":"aeb8bf7a07d1878fb30d21aade685d3a9204847b"}
,"C:\\Users\\FernandesPC\\Desktop\\03\\Project\\Web\\src\\components\\ToastContainer\\Toast\\index.tsx": {"path":"C:\\Users\\FernandesPC\\Desktop\\03\\Project\\Web\\src\\components\\ToastContainer\\Toast\\index.tsx","statementMap":{"0":{"start":{"line":16,"column":14},"end":{"line":20,"column":1}},"1":{"start":{"line":22,"column":36},"end":{"line":52,"column":1}},"2":{"start":{"line":23,"column":26},"end":{"line":23,"column":36}},"3":{"start":{"line":25,"column":2},"end":{"line":32,"column":32}},"4":{"start":{"line":26,"column":18},"end":{"line":28,"column":12}},"5":{"start":{"line":27,"column":6},"end":{"line":27,"column":30}},"6":{"start":{"line":29,"column":4},"end":{"line":31,"column":6}},"7":{"start":{"line":30,"column":6},"end":{"line":30,"column":26}},"8":{"start":{"line":34,"column":2},"end":{"line":51,"column":4}},"9":{"start":{"line":47,"column":29},"end":{"line":47,"column":52}}},"fnMap":{"0":{"name":"(anonymous_0)","decl":{"start":{"line":22,"column":36},"end":{"line":22,"column":37}},"loc":{"start":{"line":22,"column":60},"end":{"line":52,"column":1}},"line":22},"1":{"name":"(anonymous_1)","decl":{"start":{"line":25,"column":12},"end":{"line":25,"column":13}},"loc":{"start":{"line":25,"column":18},"end":{"line":32,"column":3}},"line":25},"2":{"name":"(anonymous_2)","decl":{"start":{"line":26,"column":29},"end":{"line":26,"column":30}},"loc":{"start":{"line":26,"column":35},"end":{"line":28,"column":5}},"line":26},"3":{"name":"(anonymous_3)","decl":{"start":{"line":29,"column":11},"end":{"line":29,"column":12}},"loc":{"start":{"line":29,"column":17},"end":{"line":31,"column":5}},"line":29},"4":{"name":"(anonymous_4)","decl":{"start":{"line":47,"column":23},"end":{"line":47,"column":24}},"loc":{"start":{"line":47,"column":29},"end":{"line":47,"column":52}},"line":47}},"branchMap":{"0":{"loc":{"start":{"line":40,"column":13},"end":{"line":40,"column":35}},"type":"binary-expr","locations":[{"start":{"line":40,"column":13},"end":{"line":40,"column":25}},{"start":{"line":40,"column":29},"end":{"line":40,"column":35}}],"line":40},"1":{"loc":{"start":{"line":44,"column":9},"end":{"line":44,"column":60}},"type":"binary-expr","locations":[{"start":{"line":44,"column":9},"end":{"line":44,"column":28}},{"start":{"line":44,"column":32},"end":{"line":44,"column":60}}],"line":44}},"s":{"0":0,"1":0,"2":0,"3":0,"4":0,"5":0,"6":0,"7":0,"8":0,"9":0},"f":{"0":0,"1":0,"2":0,"3":0,"4":0},"b":{"0":[0,0],"1":[0,0]},"hash":"4eb872d8b4a947b580aa874e5a0b76cf4097dc9a"}
,"C:\\Users\\FernandesPC\\Desktop\\03\\Project\\Web\\src\\components\\ToastContainer\\Toast\\styles.tsx": {"path":"C:\\Users\\FernandesPC\\Desktop\\03\\Project\\Web\\src\\components\\ToastContainer\\Toast\\styles.tsx","statementMap":{"0":{"start":{"line":8,"column":28},"end":{"line":21,"column":1}},"1":{"start":{"line":23,"column":25},"end":{"line":70,"column":1}},"2":{"start":{"line":36,"column":13},"end":{"line":36,"column":54}},"3":{"start":{"line":62,"column":4},"end":{"line":69,"column":5}}},"fnMap":{"0":{"name":"(anonymous_0)","decl":{"start":{"line":36,"column":4},"end":{"line":36,"column":5}},"loc":{"start":{"line":36,"column":13},"end":{"line":36,"column":54}},"line":36},"1":{"name":"(anonymous_1)","decl":{"start":{"line":61,"column":4},"end":{"line":61,"column":5}},"loc":{"start":{"line":62,"column":4},"end":{"line":69,"column":5}},"line":62}},"branchMap":{"0":{"loc":{"start":{"line":36,"column":33},"end":{"line":36,"column":53}},"type":"binary-expr","locations":[{"start":{"line":36,"column":33},"end":{"line":36,"column":43}},{"start":{"line":36,"column":47},"end":{"line":36,"column":53}}],"line":36},"1":{"loc":{"start":{"line":62,"column":4},"end":{"line":69,"column":5}},"type":"binary-expr","locations":[{"start":{"line":62,"column":4},"end":{"line":62,"column":25}},{"start":{"line":63,"column":4},"end":{"line":69,"column":5}}],"line":62}},"s":{"0":0,"1":0,"2":0,"3":0},"f":{"0":0,"1":0},"b":{"0":[0,0],"1":[0,0]},"hash":"37adf3886ac08747567a16aa3249814a69cca396"}
,"C:\\Users\\FernandesPC\\Desktop\\03\\Project\\Web\\src\\components\\Tooltip\\index.tsx": {"path":"C:\\Users\\FernandesPC\\Desktop\\03\\Project\\Web\\src\\components\\Tooltip\\index.tsx","statementMap":{"0":{"start":{"line":9,"column":40},"end":{"line":20,"column":1}},"1":{"start":{"line":14,"column":2},"end":{"line":19,"column":4}}},"fnMap":{"0":{"name":"(anonymous_0)","decl":{"start":{"line":9,"column":40},"end":{"line":9,"column":41}},"loc":{"start":{"line":13,"column":6},"end":{"line":20,"column":1}},"line":13}},"branchMap":{"0":{"loc":{"start":{"line":12,"column":2},"end":{"line":12,"column":16}},"type":"default-arg","locations":[{"start":{"line":12,"column":14},"end":{"line":12,"column":16}}],"line":12}},"s":{"0":2,"1":1},"f":{"0":1},"b":{"0":[0]},"_coverageSchema":"43e27e138ebf9cfc5966b082cf9a028302ed4184","hash":"57a3350659742cfb3633909c1cb916150acc2162"}
,"C:\\Users\\FernandesPC\\Desktop\\03\\Project\\Web\\src\\hooks\\Auth.tsx": {"path":"C:\\Users\\FernandesPC\\Desktop\\03\\Project\\Web\\src\\hooks\\Auth.tsx","statementMap":{"0":{"start":{"line":30,"column":20},"end":{"line":30,"column":73}},"1":{"start":{"line":32,"column":38},"end":{"line":83,"column":1}},"2":{"start":{"line":33,"column":26},"end":{"line":43,"column":4}},"3":{"start":{"line":34,"column":18},"end":{"line":34,"column":56}},"4":{"start":{"line":35,"column":17},"end":{"line":35,"column":54}},"5":{"start":{"line":37,"column":4},"end":{"line":40,"column":5}},"6":{"start":{"line":38,"column":6},"end":{"line":38,"column":61}},"7":{"start":{"line":39,"column":6},"end":{"line":39,"column":47}},"8":{"start":{"line":42,"column":4},"end":{"line":42,"column":27}},"9":{"start":{"line":45,"column":17},"end":{"line":57,"column":8}},"10":{"start":{"line":46,"column":21},"end":{"line":49,"column":6}},"11":{"start":{"line":50,"column":28},"end":{"line":50,"column":41}},"12":{"start":{"line":51,"column":4},"end":{"line":51,"column":50}},"13":{"start":{"line":52,"column":4},"end":{"line":52,"column":64}},"14":{"start":{"line":54,"column":4},"end":{"line":54,"column":59}},"15":{"start":{"line":56,"column":4},"end":{"line":56,"column":29}},"16":{"start":{"line":59,"column":18},"end":{"line":63,"column":8}},"17":{"start":{"line":60,"column":4},"end":{"line":60,"column":46}},"18":{"start":{"line":61,"column":4},"end":{"line":61,"column":45}},"19":{"start":{"line":62,"column":4},"end":{"line":62,"column":29}},"20":{"start":{"line":65,"column":21},"end":{"line":74,"column":3}},"21":{"start":{"line":67,"column":6},"end":{"line":67,"column":66}},"22":{"start":{"line":68,"column":6},"end":{"line":71,"column":9}},"23":{"start":{"line":76,"column":2},"end":{"line":82,"column":4}},"24":{"start":{"line":86,"column":18},"end":{"line":86,"column":41}},"25":{"start":{"line":88,"column":2},"end":{"line":88,"column":17}}},"fnMap":{"0":{"name":"(anonymous_0)","decl":{"start":{"line":32,"column":38},"end":{"line":32,"column":39}},"loc":{"start":{"line":32,"column":56},"end":{"line":83,"column":1}},"line":32},"1":{"name":"(anonymous_1)","decl":{"start":{"line":33,"column":46},"end":{"line":33,"column":47}},"loc":{"start":{"line":33,"column":52},"end":{"line":43,"column":3}},"line":33},"2":{"name":"(anonymous_2)","decl":{"start":{"line":45,"column":29},"end":{"line":45,"column":30}},"loc":{"start":{"line":45,"column":60},"end":{"line":57,"column":3}},"line":45},"3":{"name":"(anonymous_3)","decl":{"start":{"line":59,"column":30},"end":{"line":59,"column":31}},"loc":{"start":{"line":59,"column":36},"end":{"line":63,"column":3}},"line":59},"4":{"name":"(anonymous_4)","decl":{"start":{"line":66,"column":4},"end":{"line":66,"column":5}},"loc":{"start":{"line":66,"column":20},"end":{"line":72,"column":5}},"line":66},"5":{"name":"useAuth","decl":{"start":{"line":85,"column":16},"end":{"line":85,"column":23}},"loc":{"start":{"line":85,"column":43},"end":{"line":89,"column":1}},"line":85}},"branchMap":{"0":{"loc":{"start":{"line":37,"column":4},"end":{"line":40,"column":5}},"type":"if","locations":[{"start":{"line":37,"column":4},"end":{"line":40,"column":5}},{"start":{"line":37,"column":4},"end":{"line":40,"column":5}}],"line":37},"1":{"loc":{"start":{"line":37,"column":8},"end":{"line":37,"column":21}},"type":"binary-expr","locations":[{"start":{"line":37,"column":8},"end":{"line":37,"column":13}},{"start":{"line":37,"column":17},"end":{"line":37,"column":21}}],"line":37}},"s":{"0":1,"1":1,"2":7,"3":4,"4":4,"5":4,"6":3,"7":3,"8":1,"9":7,"10":1,"11":1,"12":1,"13":1,"14":1,"15":1,"16":7,"17":1,"18":1,"19":1,"20":7,"21":1,"22":1,"23":7,"24":7,"25":7},"f":{"0":7,"1":4,"2":1,"3":1,"4":1,"5":7},"b":{"0":[3,1],"1":[4,3]},"_coverageSchema":"43e27e138ebf9cfc5966b082cf9a028302ed4184","hash":"634f336b5cd21c28afc1235bc907c516bd0aa699"}
,"C:\\Users\\FernandesPC\\Desktop\\03\\Project\\Web\\src\\hooks\\Toast.tsx": {"path":"C:\\Users\\FernandesPC\\Desktop\\03\\Project\\Web\\src\\hooks\\Toast.tsx","statementMap":{"0":{"start":{"line":18,"column":21},"end":{"line":18,"column":76}},"1":{"start":{"line":20,"column":39},"end":{"line":47,"column":1}},"2":{"start":{"line":21,"column":34},"end":{"line":21,"column":62}},"3":{"start":{"line":23,"column":19},"end":{"line":35,"column":3}},"4":{"start":{"line":25,"column":17},"end":{"line":25,"column":26}},"5":{"start":{"line":26,"column":20},"end":{"line":31,"column":7}},"6":{"start":{"line":32,"column":6},"end":{"line":32,"column":46}},"7":{"start":{"line":32,"column":27},"end":{"line":32,"column":44}},"8":{"start":{"line":37,"column":22},"end":{"line":39,"column":8}},"9":{"start":{"line":38,"column":4},"end":{"line":38,"column":69}},"10":{"start":{"line":38,"column":25},"end":{"line":38,"column":67}},"11":{"start":{"line":38,"column":49},"end":{"line":38,"column":66}},"12":{"start":{"line":41,"column":2},"end":{"line":46,"column":4}},"13":{"start":{"line":50,"column":18},"end":{"line":50,"column":42}},"14":{"start":{"line":52,"column":2},"end":{"line":54,"column":3}},"15":{"start":{"line":53,"column":4},"end":{"line":53,"column":68}},"16":{"start":{"line":55,"column":2},"end":{"line":55,"column":17}}},"fnMap":{"0":{"name":"(anonymous_0)","decl":{"start":{"line":20,"column":39},"end":{"line":20,"column":40}},"loc":{"start":{"line":20,"column":57},"end":{"line":47,"column":1}},"line":20},"1":{"name":"(anonymous_1)","decl":{"start":{"line":24,"column":4},"end":{"line":24,"column":5}},"loc":{"start":{"line":24,"column":64},"end":{"line":33,"column":5}},"line":24},"2":{"name":"(anonymous_2)","decl":{"start":{"line":32,"column":18},"end":{"line":32,"column":19}},"loc":{"start":{"line":32,"column":27},"end":{"line":32,"column":44}},"line":32},"3":{"name":"(anonymous_3)","decl":{"start":{"line":37,"column":34},"end":{"line":37,"column":35}},"loc":{"start":{"line":37,"column":50},"end":{"line":39,"column":3}},"line":37},"4":{"name":"(anonymous_4)","decl":{"start":{"line":38,"column":16},"end":{"line":38,"column":17}},"loc":{"start":{"line":38,"column":25},"end":{"line":38,"column":67}},"line":38},"5":{"name":"(anonymous_5)","decl":{"start":{"line":38,"column":38},"end":{"line":38,"column":39}},"loc":{"start":{"line":38,"column":49},"end":{"line":38,"column":66}},"line":38},"6":{"name":"useToast","decl":{"start":{"line":49,"column":16},"end":{"line":49,"column":24}},"loc":{"start":{"line":49,"column":45},"end":{"line":56,"column":1}},"line":49}},"branchMap":{"0":{"loc":{"start":{"line":52,"column":2},"end":{"line":54,"column":3}},"type":"if","locations":[{"start":{"line":52,"column":2},"end":{"line":54,"column":3}},{"start":{"line":52,"column":2},"end":{"line":54,"column":3}}],"line":52}},"s":{"0":0,"1":0,"2":0,"3":0,"4":0,"5":0,"6":0,"7":0,"8":0,"9":0,"10":0,"11":0,"12":0,"13":0,"14":0,"15":0,"16":0},"f":{"0":0,"1":0,"2":0,"3":0,"4":0,"5":0,"6":0},"b":{"0":[0,0]},"hash":"2f5d0ef2c65ffad5593c64c522e4108741cdcb64"}
,"C:\\Users\\FernandesPC\\Desktop\\03\\Project\\Web\\src\\pages\\Dashboard\\index.tsx": {"path":"C:\\Users\\FernandesPC\\Desktop\\03\\Project\\Web\\src\\pages\\Dashboard\\index.tsx","statementMap":{"0":{"start":{"line":38,"column":28},"end":{"line":259,"column":1}},"1":{"start":{"line":39,"column":28},"end":{"line":39,"column":37}},"2":{"start":{"line":40,"column":42},"end":{"line":40,"column":62}},"3":{"start":{"line":41,"column":42},"end":{"line":41,"column":62}},"4":{"start":{"line":42,"column":42},"end":{"line":42,"column":69}},"5":{"start":{"line":43,"column":52},"end":{"line":45,"column":7}},"6":{"start":{"line":47,"column":2},"end":{"line":59,"column":30}},"7":{"start":{"line":49,"column":4},"end":{"line":58,"column":9}},"8":{"start":{"line":57,"column":8},"end":{"line":57,"column":43}},"9":{"start":{"line":61,"column":2},"end":{"line":80,"column":21}},"10":{"start":{"line":62,"column":4},"end":{"line":79,"column":9}},"11":{"start":{"line":71,"column":38},"end":{"line":76,"column":10}},"12":{"start":{"line":72,"column":10},"end":{"line":75,"column":12}},"13":{"start":{"line":78,"column":8},"end":{"line":78,"column":47}},"14":{"start":{"line":82,"column":27},"end":{"line":87,"column":8}},"15":{"start":{"line":83,"column":4},"end":{"line":86,"column":5}},"16":{"start":{"line":85,"column":6},"end":{"line":85,"column":27}},"17":{"start":{"line":89,"column":28},"end":{"line":91,"column":8}},"18":{"start":{"line":90,"column":4},"end":{"line":90,"column":27}},"19":{"start":{"line":93,"column":23},"end":{"line":103,"column":39}},"20":{"start":{"line":95,"column":18},"end":{"line":101,"column":8}},"21":{"start":{"line":96,"column":26},"end":{"line":96,"column":54}},"22":{"start":{"line":98,"column":21},"end":{"line":98,"column":47}},"23":{"start":{"line":99,"column":22},"end":{"line":99,"column":45}},"24":{"start":{"line":100,"column":8},"end":{"line":100,"column":51}},"25":{"start":{"line":102,"column":4},"end":{"line":102,"column":17}},"26":{"start":{"line":105,"column":29},"end":{"line":109,"column":20}},"27":{"start":{"line":106,"column":4},"end":{"line":108,"column":7}},"28":{"start":{"line":111,"column":24},"end":{"line":115,"column":20}},"29":{"start":{"line":112,"column":4},"end":{"line":114,"column":7}},"30":{"start":{"line":117,"column":30},"end":{"line":121,"column":20}},"31":{"start":{"line":118,"column":4},"end":{"line":120,"column":7}},"32":{"start":{"line":119,"column":6},"end":{"line":119,"column":56}},"33":{"start":{"line":123,"column":32},"end":{"line":127,"column":20}},"34":{"start":{"line":124,"column":4},"end":{"line":126,"column":7}},"35":{"start":{"line":125,"column":6},"end":{"line":125,"column":57}},"36":{"start":{"line":129,"column":26},"end":{"line":133,"column":20}},"37":{"start":{"line":130,"column":4},"end":{"line":132,"column":6}},"38":{"start":{"line":131,"column":6},"end":{"line":131,"column":53}},"39":{"start":{"line":135,"column":2},"end":{"line":258,"column":4}},"40":{"start":{"line":189,"column":14},"end":{"line":201,"column":28}},"41":{"start":{"line":210,"column":14},"end":{"line":222,"column":28}}},"fnMap":{"0":{"name":"(anonymous_0)","decl":{"start":{"line":38,"column":28},"end":{"line":38,"column":29}},"loc":{"start":{"line":38,"column":34},"end":{"line":259,"column":1}},"line":38},"1":{"name":"(anonymous_1)","decl":{"start":{"line":47,"column":12},"end":{"line":47,"column":13}},"loc":{"start":{"line":47,"column":18},"end":{"line":59,"column":3}},"line":47},"2":{"name":"(anonymous_2)","decl":{"start":{"line":56,"column":12},"end":{"line":56,"column":13}},"loc":{"start":{"line":56,"column":23},"end":{"line":58,"column":7}},"line":56},"3":{"name":"(anonymous_3)","decl":{"start":{"line":61,"column":12},"end":{"line":61,"column":13}},"loc":{"start":{"line":61,"column":18},"end":{"line":80,"column":3}},"line":61},"4":{"name":"(anonymous_4)","decl":{"start":{"line":70,"column":12},"end":{"line":70,"column":13}},"loc":{"start":{"line":70,"column":24},"end":{"line":79,"column":7}},"line":70},"5":{"name":"(anonymous_5)","decl":{"start":{"line":71,"column":56},"end":{"line":71,"column":57}},"loc":{"start":{"line":71,"column":71},"end":{"line":76,"column":9}},"line":71},"6":{"name":"(anonymous_6)","decl":{"start":{"line":82,"column":39},"end":{"line":82,"column":40}},"loc":{"start":{"line":82,"column":79},"end":{"line":87,"column":3}},"line":82},"7":{"name":"(anonymous_7)","decl":{"start":{"line":89,"column":40},"end":{"line":89,"column":41}},"loc":{"start":{"line":89,"column":57},"end":{"line":91,"column":3}},"line":89},"8":{"name":"(anonymous_8)","decl":{"start":{"line":93,"column":31},"end":{"line":93,"column":32}},"loc":{"start":{"line":93,"column":37},"end":{"line":103,"column":3}},"line":93},"9":{"name":"(anonymous_9)","decl":{"start":{"line":96,"column":14},"end":{"line":96,"column":15}},"loc":{"start":{"line":96,"column":26},"end":{"line":96,"column":54}},"line":96},"10":{"name":"(anonymous_10)","decl":{"start":{"line":97,"column":11},"end":{"line":97,"column":12}},"loc":{"start":{"line":97,"column":23},"end":{"line":101,"column":7}},"line":97},"11":{"name":"(anonymous_11)","decl":{"start":{"line":105,"column":37},"end":{"line":105,"column":38}},"loc":{"start":{"line":105,"column":43},"end":{"line":109,"column":3}},"line":105},"12":{"name":"(anonymous_12)","decl":{"start":{"line":111,"column":32},"end":{"line":111,"column":33}},"loc":{"start":{"line":111,"column":38},"end":{"line":115,"column":3}},"line":111},"13":{"name":"(anonymous_13)","decl":{"start":{"line":117,"column":38},"end":{"line":117,"column":39}},"loc":{"start":{"line":117,"column":44},"end":{"line":121,"column":3}},"line":117},"14":{"name":"(anonymous_14)","decl":{"start":{"line":118,"column":31},"end":{"line":118,"column":32}},"loc":{"start":{"line":118,"column":46},"end":{"line":120,"column":5}},"line":118},"15":{"name":"(anonymous_15)","decl":{"start":{"line":123,"column":40},"end":{"line":123,"column":41}},"loc":{"start":{"line":123,"column":46},"end":{"line":127,"column":3}},"line":123},"16":{"name":"(anonymous_16)","decl":{"start":{"line":124,"column":31},"end":{"line":124,"column":32}},"loc":{"start":{"line":124,"column":46},"end":{"line":126,"column":5}},"line":124},"17":{"name":"(anonymous_17)","decl":{"start":{"line":129,"column":34},"end":{"line":129,"column":35}},"loc":{"start":{"line":129,"column":40},"end":{"line":133,"column":3}},"line":129},"18":{"name":"(anonymous_18)","decl":{"start":{"line":130,"column":29},"end":{"line":130,"column":30}},"loc":{"start":{"line":131,"column":6},"end":{"line":131,"column":53}},"line":131},"19":{"name":"(anonymous_19)","decl":{"start":{"line":188,"column":37},"end":{"line":188,"column":38}},"loc":{"start":{"line":189,"column":14},"end":{"line":201,"column":28}},"line":189},"20":{"name":"(anonymous_20)","decl":{"start":{"line":209,"column":39},"end":{"line":209,"column":40}},"loc":{"start":{"line":210,"column":14},"end":{"line":222,"column":28}},"line":210}},"branchMap":{"0":{"loc":{"start":{"line":83,"column":4},"end":{"line":86,"column":5}},"type":"if","locations":[{"start":{"line":83,"column":4},"end":{"line":86,"column":5}},{"start":{"line":83,"column":4},"end":{"line":86,"column":5}}],"line":83},"1":{"loc":{"start":{"line":83,"column":8},"end":{"line":83,"column":50}},"type":"binary-expr","locations":[{"start":{"line":83,"column":8},"end":{"line":83,"column":27}},{"start":{"line":83,"column":31},"end":{"line":83,"column":50}}],"line":83},"2":{"loc":{"start":{"line":159,"column":13},"end":{"line":159,"column":55}},"type":"binary-expr","locations":[{"start":{"line":159,"column":13},"end":{"line":159,"column":34}},{"start":{"line":159,"column":38},"end":{"line":159,"column":55}}],"line":159},"3":{"loc":{"start":{"line":164,"column":11},"end":{"line":179,"column":11}},"type":"binary-expr","locations":[{"start":{"line":164,"column":11},"end":{"line":164,"column":32}},{"start":{"line":164,"column":36},"end":{"line":164,"column":51}},{"start":{"line":165,"column":12},"end":{"line":178,"column":30}}],"line":164},"4":{"loc":{"start":{"line":184,"column":13},"end":{"line":186,"column":13}},"type":"binary-expr","locations":[{"start":{"line":184,"column":13},"end":{"line":184,"column":45}},{"start":{"line":185,"column":14},"end":{"line":185,"column":53}}],"line":184},"5":{"loc":{"start":{"line":206,"column":13},"end":{"line":208,"column":13}},"type":"binary-expr","locations":[{"start":{"line":206,"column":13},"end":{"line":206,"column":47}},{"start":{"line":207,"column":14},"end":{"line":207,"column":53}}],"line":206}},"s":{"0":0,"1":0,"2":0,"3":0,"4":0,"5":0,"6":0,"7":0,"8":0,"9":0,"10":0,"11":0,"12":0,"13":0,"14":0,"15":0,"16":0,"17":0,"18":0,"19":0,"20":0,"21":0,"22":0,"23":0,"24":0,"25":0,"26":0,"27":0,"28":0,"29":0,"30":0,"31":0,"32":0,"33":0,"34":0,"35":0,"36":0,"37":0,"38":0,"39":0,"40":0,"41":0},"f":{"0":0,"1":0,"2":0,"3":0,"4":0,"5":0,"6":0,"7":0,"8":0,"9":0,"10":0,"11":0,"12":0,"13":0,"14":0,"15":0,"16":0,"17":0,"18":0,"19":0,"20":0},"b":{"0":[0,0],"1":[0,0],"2":[0,0],"3":[0,0,0],"4":[0,0],"5":[0,0]},"hash":"e8405d0b231fd4e4de290bd75a6c95a25226b0ff"}
,"C:\\Users\\FernandesPC\\Desktop\\03\\Project\\Web\\src\\pages\\ForgotPassword\\index.tsx": {"path":"C:\\Users\\FernandesPC\\Desktop\\03\\Project\\Web\\src\\pages\\ForgotPassword\\index.tsx","statementMap":{"0":{"start":{"line":19,"column":33},"end":{"line":86,"column":1}},"1":{"start":{"line":20,"column":32},"end":{"line":20,"column":47}},"2":{"start":{"line":21,"column":18},"end":{"line":21,"column":43}},"3":{"start":{"line":22,"column":23},"end":{"line":22,"column":33}},"4":{"start":{"line":23,"column":23},"end":{"line":63,"column":3}},"5":{"start":{"line":25,"column":6},"end":{"line":60,"column":7}},"6":{"start":{"line":26,"column":8},"end":{"line":26,"column":25}},"7":{"start":{"line":27,"column":8},"end":{"line":27,"column":39}},"8":{"start":{"line":28,"column":23},"end":{"line":32,"column":10}},"9":{"start":{"line":33,"column":8},"end":{"line":35,"column":11}},"10":{"start":{"line":37,"column":8},"end":{"line":39,"column":11}},"11":{"start":{"line":40,"column":8},"end":{"line":45,"column":11}},"12":{"start":{"line":47,"column":8},"end":{"line":51,"column":9}},"13":{"start":{"line":48,"column":25},"end":{"line":48,"column":49}},"14":{"start":{"line":49,"column":10},"end":{"line":49,"column":45}},"15":{"start":{"line":50,"column":10},"end":{"line":50,"column":17}},"16":{"start":{"line":52,"column":8},"end":{"line":57,"column":11}},"17":{"start":{"line":59,"column":8},"end":{"line":59,"column":26}},"18":{"start":{"line":65,"column":2},"end":{"line":85,"column":4}}},"fnMap":{"0":{"name":"(anonymous_0)","decl":{"start":{"line":19,"column":33},"end":{"line":19,"column":34}},"loc":{"start":{"line":19,"column":39},"end":{"line":86,"column":1}},"line":19},"1":{"name":"(anonymous_1)","decl":{"start":{"line":24,"column":4},"end":{"line":24,"column":5}},"loc":{"start":{"line":24,"column":44},"end":{"line":61,"column":5}},"line":24}},"branchMap":{"0":{"loc":{"start":{"line":47,"column":8},"end":{"line":51,"column":9}},"type":"if","locations":[{"start":{"line":47,"column":8},"end":{"line":51,"column":9}},{"start":{"line":47,"column":8},"end":{"line":51,"column":9}}],"line":47}},"s":{"0":0,"1":0,"2":0,"3":0,"4":0,"5":0,"6":0,"7":0,"8":0,"9":0,"10":0,"11":0,"12":0,"13":0,"14":0,"15":0,"16":0,"17":0,"18":0},"f":{"0":0,"1":0},"b":{"0":[0,0]},"hash":"7ba87b281a14c3b217408856756f8f60db7c040f"}
,"C:\\Users\\FernandesPC\\Desktop\\03\\Project\\Web\\src\\pages\\Profile\\index.tsx": {"path":"C:\\Users\\FernandesPC\\Desktop\\03\\Project\\Web\\src\\pages\\Profile\\index.tsx","statementMap":{"0":{"start":{"line":24,"column":26},"end":{"line":171,"column":1}},"1":{"start":{"line":25,"column":31},"end":{"line":25,"column":40}},"2":{"start":{"line":26,"column":18},"end":{"line":26,"column":43}},"3":{"start":{"line":27,"column":23},"end":{"line":27,"column":33}},"4":{"start":{"line":28,"column":18},"end":{"line":28,"column":30}},"5":{"start":{"line":30,"column":23},"end":{"line":100,"column":3}},"6":{"start":{"line":32,"column":6},"end":{"line":97,"column":7}},"7":{"start":{"line":33,"column":8},"end":{"line":33,"column":39}},"8":{"start":{"line":34,"column":23},"end":{"line":52,"column":10}},"9":{"start":{"line":41,"column":23},"end":{"line":41,"column":35}},"10":{"start":{"line":47,"column":25},"end":{"line":47,"column":37}},"11":{"start":{"line":53,"column":8},"end":{"line":55,"column":11}},"12":{"start":{"line":63,"column":12},"end":{"line":63,"column":16}},"13":{"start":{"line":65,"column":25},"end":{"line":75,"column":9}},"14":{"start":{"line":77,"column":25},"end":{"line":77,"column":60}},"15":{"start":{"line":78,"column":8},"end":{"line":78,"column":34}},"16":{"start":{"line":79,"column":8},"end":{"line":79,"column":35}},"17":{"start":{"line":80,"column":8},"end":{"line":85,"column":11}},"18":{"start":{"line":87,"column":8},"end":{"line":91,"column":9}},"19":{"start":{"line":88,"column":25},"end":{"line":88,"column":49}},"20":{"start":{"line":89,"column":10},"end":{"line":89,"column":45}},"21":{"start":{"line":90,"column":10},"end":{"line":90,"column":17}},"22":{"start":{"line":92,"column":8},"end":{"line":96,"column":11}},"23":{"start":{"line":102,"column":29},"end":{"line":117,"column":3}},"24":{"start":{"line":104,"column":6},"end":{"line":114,"column":7}},"25":{"start":{"line":105,"column":21},"end":{"line":105,"column":35}},"26":{"start":{"line":106,"column":8},"end":{"line":106,"column":49}},"27":{"start":{"line":107,"column":8},"end":{"line":113,"column":11}},"28":{"start":{"line":108,"column":10},"end":{"line":108,"column":36}},"29":{"start":{"line":109,"column":10},"end":{"line":112,"column":13}},"30":{"start":{"line":119,"column":2},"end":{"line":170,"column":4}}},"fnMap":{"0":{"name":"(anonymous_0)","decl":{"start":{"line":24,"column":26},"end":{"line":24,"column":27}},"loc":{"start":{"line":24,"column":32},"end":{"line":171,"column":1}},"line":24},"1":{"name":"(anonymous_1)","decl":{"start":{"line":31,"column":4},"end":{"line":31,"column":5}},"loc":{"start":{"line":31,"column":37},"end":{"line":98,"column":5}},"line":31},"2":{"name":"(anonymous_2)","decl":{"start":{"line":41,"column":16},"end":{"line":41,"column":17}},"loc":{"start":{"line":41,"column":23},"end":{"line":41,"column":35}},"line":41},"3":{"name":"(anonymous_3)","decl":{"start":{"line":47,"column":18},"end":{"line":47,"column":19}},"loc":{"start":{"line":47,"column":25},"end":{"line":47,"column":37}},"line":47},"4":{"name":"(anonymous_4)","decl":{"start":{"line":103,"column":4},"end":{"line":103,"column":5}},"loc":{"start":{"line":103,"column":42},"end":{"line":115,"column":5}},"line":103},"5":{"name":"(anonymous_5)","decl":{"start":{"line":107,"column":46},"end":{"line":107,"column":47}},"loc":{"start":{"line":107,"column":58},"end":{"line":113,"column":9}},"line":107}},"branchMap":{"0":{"loc":{"start":{"line":68,"column":14},"end":{"line":74,"column":16}},"type":"cond-expr","locations":[{"start":{"line":69,"column":14},"end":{"line":73,"column":15}},{"start":{"line":74,"column":14},"end":{"line":74,"column":16}}],"line":68},"1":{"loc":{"start":{"line":87,"column":8},"end":{"line":91,"column":9}},"type":"if","locations":[{"start":{"line":87,"column":8},"end":{"line":91,"column":9}},{"start":{"line":87,"column":8},"end":{"line":91,"column":9}}],"line":87},"2":{"loc":{"start":{"line":104,"column":6},"end":{"line":114,"column":7}},"type":"if","locations":[{"start":{"line":104,"column":6},"end":{"line":114,"column":7}},{"start":{"line":104,"column":6},"end":{"line":114,"column":7}}],"line":104}},"s":{"0":0,"1":0,"2":0,"3":0,"4":0,"5":0,"6":0,"7":0,"8":0,"9":0,"10":0,"11":0,"12":0,"13":0,"14":0,"15":0,"16":0,"17":0,"18":0,"19":0,"20":0,"21":0,"22":0,"23":0,"24":0,"25":0,"26":0,"27":0,"28":0,"29":0,"30":0},"f":{"0":0,"1":0,"2":0,"3":0,"4":0,"5":0},"b":{"0":[0,0],"1":[0,0],"2":[0,0]},"hash":"1d2c5905a5ea47b977dde54aee300dfeb3f3033c"}
,"C:\\Users\\FernandesPC\\Desktop\\03\\Project\\Web\\src\\pages\\ResetPassword\\index.tsx": {"path":"C:\\Users\\FernandesPC\\Desktop\\03\\Project\\Web\\src\\pages\\ResetPassword\\index.tsx","statementMap":{"0":{"start":{"line":20,"column":25},"end":{"line":96,"column":1}},"1":{"start":{"line":21,"column":18},"end":{"line":21,"column":43}},"2":{"start":{"line":22,"column":23},"end":{"line":22,"column":33}},"3":{"start":{"line":23,"column":18},"end":{"line":23,"column":30}},"4":{"start":{"line":24,"column":19},"end":{"line":24,"column":32}},"5":{"start":{"line":25,"column":23},"end":{"line":68,"column":3}},"6":{"start":{"line":27,"column":6},"end":{"line":65,"column":7}},"7":{"start":{"line":28,"column":8},"end":{"line":28,"column":39}},"8":{"start":{"line":29,"column":23},"end":{"line":35,"column":10}},"9":{"start":{"line":36,"column":8},"end":{"line":38,"column":11}},"10":{"start":{"line":40,"column":52},"end":{"line":40,"column":56}},"11":{"start":{"line":41,"column":22},"end":{"line":41,"column":60}},"12":{"start":{"line":43,"column":8},"end":{"line":45,"column":9}},"13":{"start":{"line":44,"column":10},"end":{"line":44,"column":28}},"14":{"start":{"line":47,"column":8},"end":{"line":51,"column":11}},"15":{"start":{"line":53,"column":8},"end":{"line":53,"column":26}},"16":{"start":{"line":55,"column":8},"end":{"line":59,"column":9}},"17":{"start":{"line":56,"column":25},"end":{"line":56,"column":49}},"18":{"start":{"line":57,"column":10},"end":{"line":57,"column":45}},"19":{"start":{"line":58,"column":10},"end":{"line":58,"column":17}},"20":{"start":{"line":60,"column":8},"end":{"line":64,"column":11}},"21":{"start":{"line":70,"column":2},"end":{"line":95,"column":4}}},"fnMap":{"0":{"name":"(anonymous_0)","decl":{"start":{"line":20,"column":25},"end":{"line":20,"column":26}},"loc":{"start":{"line":20,"column":31},"end":{"line":96,"column":1}},"line":20},"1":{"name":"(anonymous_1)","decl":{"start":{"line":26,"column":4},"end":{"line":26,"column":5}},"loc":{"start":{"line":26,"column":43},"end":{"line":66,"column":5}},"line":26}},"branchMap":{"0":{"loc":{"start":{"line":43,"column":8},"end":{"line":45,"column":9}},"type":"if","locations":[{"start":{"line":43,"column":8},"end":{"line":45,"column":9}},{"start":{"line":43,"column":8},"end":{"line":45,"column":9}}],"line":43},"1":{"loc":{"start":{"line":55,"column":8},"end":{"line":59,"column":9}},"type":"if","locations":[{"start":{"line":55,"column":8},"end":{"line":59,"column":9}},{"start":{"line":55,"column":8},"end":{"line":59,"column":9}}],"line":55}},"s":{"0":0,"1":0,"2":0,"3":0,"4":0,"5":0,"6":0,"7":0,"8":0,"9":0,"10":0,"11":0,"12":0,"13":0,"14":0,"15":0,"16":0,"17":0,"18":0,"19":0,"20":0,"21":0},"f":{"0":0,"1":0},"b":{"0":[0,0],"1":[0,0]},"hash":"34293ecf69f673a0487b63bb956895d8ff6d7076"}
,"C:\\Users\\FernandesPC\\Desktop\\03\\Project\\Web\\src\\pages\\SignIn\\index.tsx": {"path":"C:\\Users\\FernandesPC\\Desktop\\03\\Project\\Web\\src\\pages\\SignIn\\index.tsx","statementMap":{"0":{"start":{"line":20,"column":25},"end":{"line":85,"column":1}},"1":{"start":{"line":21,"column":18},"end":{"line":21,"column":43}},"2":{"start":{"line":22,"column":21},"end":{"line":22,"column":30}},"3":{"start":{"line":23,"column":23},"end":{"line":23,"column":33}},"4":{"start":{"line":24,"column":18},"end":{"line":24,"column":30}},"5":{"start":{"line":25,"column":23},"end":{"line":57,"column":3}},"6":{"start":{"line":27,"column":6},"end":{"line":54,"column":7}},"7":{"start":{"line":28,"column":8},"end":{"line":28,"column":39}},"8":{"start":{"line":29,"column":23},"end":{"line":34,"column":10}},"9":{"start":{"line":35,"column":8},"end":{"line":37,"column":11}},"10":{"start":{"line":38,"column":8},"end":{"line":41,"column":11}},"11":{"start":{"line":42,"column":8},"end":{"line":42,"column":35}},"12":{"start":{"line":44,"column":8},"end":{"line":48,"column":9}},"13":{"start":{"line":45,"column":25},"end":{"line":45,"column":49}},"14":{"start":{"line":46,"column":10},"end":{"line":46,"column":45}},"15":{"start":{"line":47,"column":10},"end":{"line":47,"column":17}},"16":{"start":{"line":49,"column":8},"end":{"line":53,"column":11}},"17":{"start":{"line":59,"column":2},"end":{"line":84,"column":4}}},"fnMap":{"0":{"name":"(anonymous_0)","decl":{"start":{"line":20,"column":25},"end":{"line":20,"column":26}},"loc":{"start":{"line":20,"column":31},"end":{"line":85,"column":1}},"line":20},"1":{"name":"(anonymous_1)","decl":{"start":{"line":26,"column":4},"end":{"line":26,"column":5}},"loc":{"start":{"line":26,"column":36},"end":{"line":55,"column":5}},"line":26}},"branchMap":{"0":{"loc":{"start":{"line":44,"column":8},"end":{"line":48,"column":9}},"type":"if","locations":[{"start":{"line":44,"column":8},"end":{"line":48,"column":9}},{"start":{"line":44,"column":8},"end":{"line":48,"column":9}}],"line":44}},"s":{"0":1,"1":3,"2":3,"3":3,"4":3,"5":3,"6":3,"7":3,"8":3,"9":3,"10":2,"11":1,"12":2,"13":1,"14":1,"15":1,"16":1,"17":3},"f":{"0":3,"1":3},"b":{"0":[1,1]},"_coverageSchema":"43e27e138ebf9cfc5966b082cf9a028302ed4184","hash":"c6441af422121d17e50d296449fcee7ef18a5ab3"}
,"C:\\Users\\FernandesPC\\Desktop\\03\\Project\\Web\\src\\pages\\SignUp\\index.tsx": {"path":"C:\\Users\\FernandesPC\\Desktop\\03\\Project\\Web\\src\\pages\\SignUp\\index.tsx","statementMap":{"0":{"start":{"line":22,"column":25},"end":{"line":89,"column":1}},"1":{"start":{"line":23,"column":18},"end":{"line":23,"column":43}},"2":{"start":{"line":24,"column":23},"end":{"line":24,"column":33}},"3":{"start":{"line":25,"column":18},"end":{"line":25,"column":30}},"4":{"start":{"line":26,"column":23},"end":{"line":61,"column":3}},"5":{"start":{"line":28,"column":6},"end":{"line":58,"column":7}},"6":{"start":{"line":29,"column":8},"end":{"line":29,"column":39}},"7":{"start":{"line":30,"column":23},"end":{"line":36,"column":10}},"8":{"start":{"line":37,"column":8},"end":{"line":39,"column":11}},"9":{"start":{"line":40,"column":8},"end":{"line":40,"column":39}},"10":{"start":{"line":41,"column":8},"end":{"line":41,"column":26}},"11":{"start":{"line":42,"column":8},"end":{"line":46,"column":11}},"12":{"start":{"line":48,"column":8},"end":{"line":52,"column":9}},"13":{"start":{"line":49,"column":25},"end":{"line":49,"column":49}},"14":{"start":{"line":50,"column":10},"end":{"line":50,"column":45}},"15":{"start":{"line":51,"column":10},"end":{"line":51,"column":17}},"16":{"start":{"line":53,"column":8},"end":{"line":57,"column":11}},"17":{"start":{"line":63,"column":2},"end":{"line":88,"column":4}}},"fnMap":{"0":{"name":"(anonymous_0)","decl":{"start":{"line":22,"column":25},"end":{"line":22,"column":26}},"loc":{"start":{"line":22,"column":31},"end":{"line":89,"column":1}},"line":22},"1":{"name":"(anonymous_1)","decl":{"start":{"line":27,"column":4},"end":{"line":27,"column":5}},"loc":{"start":{"line":27,"column":36},"end":{"line":59,"column":5}},"line":27}},"branchMap":{"0":{"loc":{"start":{"line":48,"column":8},"end":{"line":52,"column":9}},"type":"if","locations":[{"start":{"line":48,"column":8},"end":{"line":52,"column":9}},{"start":{"line":48,"column":8},"end":{"line":52,"column":9}}],"line":48}},"s":{"0":0,"1":0,"2":0,"3":0,"4":0,"5":0,"6":0,"7":0,"8":0,"9":0,"10":0,"11":0,"12":0,"13":0,"14":0,"15":0,"16":0,"17":0},"f":{"0":0,"1":0},"b":{"0":[0,0]},"hash":"ad398ef9061cda860c51a33f21eda48f2f84b670"}
}
